--------------------
./configure --prefix=/gpfs/dell1/nco/ops/nwpara/rtma-2020/upstream/pcpanl.v4.0.0/lib/grib2 --static
Fri Feb 28 02:59:05 UTC 2020
=== ztest75673.c ===
extern int getchar();
int hello() {return getchar();}
===
icc -c ztest75673.c
... using gcc

Checking for obsessive-compulsive compiler options...
=== ztest75673.c ===
int foo() { return 0; }
===
icc -c -I/gpfs/dell1/nco/ops/nwpara/rtma-2020/upstream/pcpanl.v4.0.0/lib/grib2/include -O2 -DIFORT -cxxlib -qopenmp -I/usr/include ztest75673.c

Building static library libz.a version 1.2.11 with icc.

=== ztest75673.c ===
#include <stdio.h>
#include <stdlib.h>
size_t dummy = 0;
===
icc -c -I/gpfs/dell1/nco/ops/nwpara/rtma-2020/upstream/pcpanl.v4.0.0/lib/grib2/include -O2 -DIFORT -cxxlib -qopenmp -I/usr/include ztest75673.c
Checking for size_t... Yes.


=== ztest75673.c ===
#include <sys/types.h>
off64_t dummy = 0;
===
icc -c -I/gpfs/dell1/nco/ops/nwpara/rtma-2020/upstream/pcpanl.v4.0.0/lib/grib2/include -O2 -DIFORT -cxxlib -qopenmp -I/usr/include -D_LARGEFILE64_SOURCE=1 ztest75673.c
Checking for off64_t... Yes.
Checking for fseeko... Yes.

=== ztest75673.c ===
#include <string.h>
#include <errno.h>
int main() { return strlen(strerror(errno)); }
===
icc -I/gpfs/dell1/nco/ops/nwpara/rtma-2020/upstream/pcpanl.v4.0.0/lib/grib2/include -O2 -DIFORT -cxxlib -qopenmp -I/usr/include -D_LARGEFILE64_SOURCE=1 -o ztest75673 ztest75673.c
Checking for strerror... Yes.

=== ztest75673.c ===
#include <unistd.h>
int main() { return 0; }
===
icc -c -I/gpfs/dell1/nco/ops/nwpara/rtma-2020/upstream/pcpanl.v4.0.0/lib/grib2/include -O2 -DIFORT -cxxlib -qopenmp -I/usr/include -D_LARGEFILE64_SOURCE=1 ztest75673.c
Checking for unistd.h... Yes.

=== ztest75673.c ===
#include <stdarg.h>
int main() { return 0; }
===
icc -c -I/gpfs/dell1/nco/ops/nwpara/rtma-2020/upstream/pcpanl.v4.0.0/lib/grib2/include -O2 -DIFORT -cxxlib -qopenmp -I/usr/include -D_LARGEFILE64_SOURCE=1 ztest75673.c
Checking for stdarg.h... Yes.

=== ztest75673.c ===
#include <stdio.h>
#include <stdarg.h>
#include "zconf.h"
int main()
{
#ifndef STDC
  choke me
#endif
  return 0;
}
===
icc -c -I/gpfs/dell1/nco/ops/nwpara/rtma-2020/upstream/pcpanl.v4.0.0/lib/grib2/include -O2 -DIFORT -cxxlib -qopenmp -I/usr/include -D_LARGEFILE64_SOURCE=1 ztest75673.c
Checking whether to use vs[n]printf() or s[n]printf()... using vs[n]printf().

=== ztest75673.c ===
#include <stdio.h>
#include <stdarg.h>
int mytest(const char *fmt, ...)
{
  char buf[20];
  va_list ap;
  va_start(ap, fmt);
  vsnprintf(buf, sizeof(buf), fmt, ap);
  va_end(ap);
  return 0;
}
int main()
{
  return (mytest("Hello%d\n", 1));
}
===
icc -I/gpfs/dell1/nco/ops/nwpara/rtma-2020/upstream/pcpanl.v4.0.0/lib/grib2/include -O2 -DIFORT -cxxlib -qopenmp -I/usr/include -D_LARGEFILE64_SOURCE=1 -o ztest75673 ztest75673.c
Checking for vsnprintf() in stdio.h... Yes.

=== ztest75673.c ===
#include <stdio.h>
#include <stdarg.h>
int mytest(const char *fmt, ...)
{
  int n;
  char buf[20];
  va_list ap;
  va_start(ap, fmt);
  n = vsnprintf(buf, sizeof(buf), fmt, ap);
  va_end(ap);
  return n;
}
int main()
{
  return (mytest("Hello%d\n", 1));
}
===
icc -c -I/gpfs/dell1/nco/ops/nwpara/rtma-2020/upstream/pcpanl.v4.0.0/lib/grib2/include -O2 -DIFORT -cxxlib -qopenmp -I/usr/include -D_LARGEFILE64_SOURCE=1 ztest75673.c
Checking for return value of vsnprintf()... Yes.

=== ztest75673.c ===
#define ZLIB_INTERNAL __attribute__((visibility ("hidden")))
int ZLIB_INTERNAL foo;
int main()
{
  return 0;
}
===
icc -c -I/gpfs/dell1/nco/ops/nwpara/rtma-2020/upstream/pcpanl.v4.0.0/lib/grib2/include -O2 -DIFORT -cxxlib -qopenmp -I/usr/include -D_LARGEFILE64_SOURCE=1 ztest75673.c
Checking for attribute(visibility) support... Yes.

ALL = static all64
AR = ar
ARFLAGS = rc
CC = icc
CFLAGS = -I/gpfs/dell1/nco/ops/nwpara/rtma-2020/upstream/pcpanl.v4.0.0/lib/grib2/include -O2 -DIFORT -cxxlib -qopenmp -I/usr/include -D_LARGEFILE64_SOURCE=1 -DHAVE_HIDDEN
CPP = icc -E
EXE =
LDCONFIG = ldconfig
LDFLAGS =
LDSHARED = icc
LDSHAREDLIBC = -lc
OBJC = $(OBJZ) $(OBJG)
PIC_OBJC = $(PIC_OBJZ) $(PIC_OBJG)
RANLIB = ranlib
SFLAGS = -I/gpfs/dell1/nco/ops/nwpara/rtma-2020/upstream/pcpanl.v4.0.0/lib/grib2/include -O2 -DIFORT -cxxlib -qopenmp -I/usr/include -fPIC -D_LARGEFILE64_SOURCE=1 -DHAVE_HIDDEN
SHAREDLIB =
SHAREDLIBM =
SHAREDLIBV =
STATICLIB = libz.a
TEST = all teststatic test64
VER = 1.2.11
Z_U4 =
SRCDIR =
exec_prefix = ${prefix}
includedir = ${prefix}/include
libdir = ${exec_prefix}/lib
mandir = ${prefix}/share/man
prefix = /gpfs/dell1/nco/ops/nwpara/rtma-2020/upstream/pcpanl.v4.0.0/lib/grib2
sharedlibdir = ${libdir}
uname = Linux
--------------------


