+++ pwd
++ BASE=/gpfs/dell1/nco/ops/nwpara/rtma-2020/upstream/pcpanl.v4.0.0/sorc
++ export BASE
++ set -x
++ . /usrx/local/prod/lmod/lmod/init/ksh
+++ LMOD_PKG=/usrx/local/prod/lmod/lmod
+++ LMOD_DIR=/usrx/local/prod/lmod/lmod/libexec/
+++ LMOD_CMD=/usrx/local/prod/lmod/lmod/libexec/lmod
+++ MODULESHOME=/usrx/local/prod/lmod/lmod
+++ export LMOD_CMD
+++ export LMOD_PKG
+++ export LMOD_DIR
+++ export MODULESHOME
+++ export LMOD_DIR
++ module purge
+++ /usrx/local/prod/lmod/lmod/libexec/lmod sh purge
++ eval unset 'ADVISOR_2018_DIR;' unset 'BACIO_LIB4;' unset 'BACIO_LIB8;' unset 'BACIO_SRC;' unset 'BACIO_VER;' unset '__LMOD_REF_COUNT_CLASSPATH;' unset 'CLASSPATH;' unset 'CLCK_ROOT;' unset 'COMP;' unset '__LMOD_REF_COUNT_CPATH;' unset 'CPATH;' unset '__LMOD_REF_COUNT_CPLUS_INCLUDE_PATH;' unset 'CPLUS_INCLUDE_PATH;' unset 'DAALROOT;' unset 'D_FFLAGS_CHKBNDS;' unset 'G2_INC4;' unset 'G2_INCd;' unset 'G2_LIB4;' unset 'G2_LIBd;' unset 'G2_SRC;' unset 'G2_VER;' unset 'GDBSERVER_MIC;' unset 'GDB_CROSS;' unset '__LMOD_REF_COUNT_INFOPATH;' unset 'INFOPATH;' unset 'INSPECTOR_2018_DIR;' unset 'INTEL_LICENSE_FILE;' unset 'INTEL_PYTHONHOME;' unset 'IPPROOT;' unset 'I_MPI_CC;' unset 'I_MPI_CXX;' unset 'I_MPI_EXTRA_FILESYSTEM;' unset 'I_MPI_EXTRA_FILESYSTEM_LIST;' unset 'I_MPI_F77;' unset 'I_MPI_F90;' unset 'I_MPI_FC;' unset 'I_MPI_HYDRA_BOOTSTRAP;' unset 'I_MPI_HYDRA_IFACE;' unset 'I_MPI_LSF_USE_COLLECTIVE_LAUNCH;' unset 'I_MPI_ROOT;' unset 'JASPER_INC;' unset 'JASPER_LIB;' unset 'JASPER_LIBDIR;' unset 'JASPER_SRC;' unset 'JASPER_VER;' unset 'KMP_AFFINITY;' unset '__LMOD_REF_COUNT_LD_LIBRARY_PATH;' unset 'LD_LIBRARY_PATH;' unset '__LMOD_REF_COUNT_LIBRARY_PATH;' unset 'LIBRARY_PATH;' unset 'LMOD_FAMILY_COMPILER;' unset 'LMOD_FAMILY_COMPILER_VERSION;' unset 'LMOD_FAMILY_MPI;' unset 'LMOD_FAMILY_MPI_VERSION;' unset '__LMOD_REF_COUNT_LOADEDMODULES;' unset 'LOADEDMODULES;' '__LMOD_REF_COUNT_MANPATH="/usrx/local/prod/lmod/lmod/share/man:1";' export '__LMOD_REF_COUNT_MANPATH;' 'MANPATH="/usrx/local/prod/lmod/lmod/share/man::";' export 'MANPATH;' unset 'MKLROOT;' 'MODULEPATH="../modulefiles:/usrx/local/prod/lmod/lmod/modulefiles/Core:/usrx/local/prod/modulefiles/core_third:/usrx/local/prod/modulefiles/defs:/gpfs/dell1/nco/ops/nwprod/modulefiles/core_prod";' export 'MODULEPATH;' unset 'MPM_LAUNCHER;' unset '__LMOD_REF_COUNT_NLSPATH;' unset 'NLSPATH;' '__LMOD_REF_COUNT_PATH="/usr/lib64/qt-3.3/bin:1;/usr/local/bin:1;/usr/bin:1;/usr/local/sbin:1;/usr/sbin:1;/usr/lpp/mmfs/bin:1;/opt/ibutils/bin:1;/opt/dell/srvadmin/bin:1;/gpfs/hps/nco/idsb/Jianbin.Yang/bin:1;/gpfs/hps/nco/idsb/Jianbin.Yang/WCOSS/bin:1;.:1;/u/Jianbin.Yang/.local/bin:1;/u/Jianbin.Yang/bin:1";' export '__LMOD_REF_COUNT_PATH;' 'PATH="/usr/lib64/qt-3.3/bin:/usr/local/bin:/usr/bin:/usr/local/sbin:/usr/sbin:/usr/lpp/mmfs/bin:/opt/ibutils/bin:/opt/dell/srvadmin/bin:/gpfs/hps/nco/idsb/Jianbin.Yang/bin:/gpfs/hps/nco/idsb/Jianbin.Yang/WCOSS/bin:.:/u/Jianbin.Yang/.local/bin:/u/Jianbin.Yang/bin";' export 'PATH;' unset 'PKG_CONFIG_PATH;' unset 'PNG_INC;' unset 'PNG_LIB;' unset 'PNG_LIB12;' unset 'PNG_LIBDIR;' unset 'PNG_LIBso;' unset 'PNG_SRC;' unset 'PNG_VER;' unset 'PSTLROOT;' unset 'PYTHONPATH;' unset 'TBBROOT;' unset 'VT_ADD_LIBS;' unset 'VT_ARCH;' unset 'VT_LIB_DIR;' unset 'VT_MPI;' unset 'VT_ROOT;' unset 'VT_SLIB_DIR;' unset 'W3EMC_INC4;' unset 'W3EMC_INC8;' unset 'W3EMC_INCd;' unset 'W3EMC_LIB4;' unset 'W3EMC_LIB8;' unset 'W3EMC_LIBd;' unset 'W3EMC_SRC;' unset 'W3EMC_VER;' unset 'W3NCO_LIB4;' unset 'W3NCO_LIB8;' unset 'W3NCO_LIBd;' unset 'W3NCO_SRC;' unset 'W3NCO_VER;' unset 'WGRIB2INC;' unset 'WGRIB2LIB;' unset 'Z_INC;' unset 'Z_LIB;' unset 'Z_SRC;' unset 'Z_VER;' unset '__LMOD_REF_COUNT__LMFILES_;' unset '_LMFILES_;' '_ModuleTable001_="X01vZHVsZVRhYmxlXz17WyJNVHZlcnNpb24iXT0zLFsiY19yZWJ1aWxkVGltZSJdPWZhbHNlLFsiY19zaG9ydFRpbWUiXT1mYWxzZSxkZXB0aFQ9e30sZmFtaWx5PXt9LG1UPXt9LG1wYXRoQT17Ii4uL21vZHVsZWZpbGVzIiwiL3VzcngvbG9jYWwvcHJvZC9sbW9kL2xtb2QvbW9kdWxlZmlsZXMvQ29yZSIsIi91c3J4L2xvY2FsL3Byb2QvbW9kdWxlZmlsZXMvY29yZV90aGlyZCIsIi91c3J4L2xvY2FsL3Byb2QvbW9kdWxlZmlsZXMvZGVmcyIsIi9ncGZzL2RlbGwxL25jby9vcHMvbndwcm9kL21vZHVsZWZpbGVzL2NvcmVfcHJvZCIsfSxbInN5c3RlbUJhc2VNUEFUSCJdPSIvdXNyeC9sb2NhbC9wcm9kL2xtb2QvbG1vZC9tb2R1bGVmaWxlcy9Db3JlOi91c3J4L2xvY2FsL3By";' export '_ModuleTable001_;' '_ModuleTable002_="b2QvbW9kdWxlZmlsZXMvY29yZV90aGlyZDovdXNyeC9sb2NhbC9wcm9kL21vZHVsZWZpbGVzL2RlZnM6L2dwZnMvZGVsbDEvbmNvL29wcy9ud3Byb2QvbW9kdWxlZmlsZXMvY29yZV9wcm9kIix9";' export '_ModuleTable002_;' '_ModuleTable_Sz_="2";' export '_ModuleTable_Sz_;' unset '_ModuleTable004_;' unset '_ModuleTable005_;' unset '_ModuleTable006_;' unset '_ModuleTable007_;' unset '_ModuleTable008_;'
+++ unset ADVISOR_2018_DIR
+++ unset BACIO_LIB4
+++ unset BACIO_LIB8
+++ unset BACIO_SRC
+++ unset BACIO_VER
+++ unset __LMOD_REF_COUNT_CLASSPATH
+++ unset CLASSPATH
+++ unset CLCK_ROOT
+++ unset COMP
+++ unset __LMOD_REF_COUNT_CPATH
+++ unset CPATH
+++ unset __LMOD_REF_COUNT_CPLUS_INCLUDE_PATH
+++ unset CPLUS_INCLUDE_PATH
+++ unset DAALROOT
+++ unset D_FFLAGS_CHKBNDS
+++ unset G2_INC4
+++ unset G2_INCd
+++ unset G2_LIB4
+++ unset G2_LIBd
+++ unset G2_SRC
+++ unset G2_VER
+++ unset GDBSERVER_MIC
+++ unset GDB_CROSS
+++ unset __LMOD_REF_COUNT_INFOPATH
+++ unset INFOPATH
+++ unset INSPECTOR_2018_DIR
+++ unset INTEL_LICENSE_FILE
+++ unset INTEL_PYTHONHOME
+++ unset IPPROOT
+++ unset I_MPI_CC
+++ unset I_MPI_CXX
+++ unset I_MPI_EXTRA_FILESYSTEM
+++ unset I_MPI_EXTRA_FILESYSTEM_LIST
+++ unset I_MPI_F77
+++ unset I_MPI_F90
+++ unset I_MPI_FC
+++ unset I_MPI_HYDRA_BOOTSTRAP
+++ unset I_MPI_HYDRA_IFACE
+++ unset I_MPI_LSF_USE_COLLECTIVE_LAUNCH
+++ unset I_MPI_ROOT
+++ unset JASPER_INC
+++ unset JASPER_LIB
+++ unset JASPER_LIBDIR
+++ unset JASPER_SRC
+++ unset JASPER_VER
+++ unset KMP_AFFINITY
+++ unset __LMOD_REF_COUNT_LD_LIBRARY_PATH
+++ unset LD_LIBRARY_PATH
+++ unset __LMOD_REF_COUNT_LIBRARY_PATH
+++ unset LIBRARY_PATH
+++ unset LMOD_FAMILY_COMPILER
+++ unset LMOD_FAMILY_COMPILER_VERSION
+++ unset LMOD_FAMILY_MPI
+++ unset LMOD_FAMILY_MPI_VERSION
+++ unset __LMOD_REF_COUNT_LOADEDMODULES
+++ unset LOADEDMODULES
+++ __LMOD_REF_COUNT_MANPATH=/usrx/local/prod/lmod/lmod/share/man:1
+++ export __LMOD_REF_COUNT_MANPATH
+++ MANPATH=/usrx/local/prod/lmod/lmod/share/man::
+++ export MANPATH
+++ unset MKLROOT
+++ MODULEPATH=../modulefiles:/usrx/local/prod/lmod/lmod/modulefiles/Core:/usrx/local/prod/modulefiles/core_third:/usrx/local/prod/modulefiles/defs:/gpfs/dell1/nco/ops/nwprod/modulefiles/core_prod
+++ export MODULEPATH
+++ unset MPM_LAUNCHER
+++ unset __LMOD_REF_COUNT_NLSPATH
+++ unset NLSPATH
+++ __LMOD_REF_COUNT_PATH='/usr/lib64/qt-3.3/bin:1;/usr/local/bin:1;/usr/bin:1;/usr/local/sbin:1;/usr/sbin:1;/usr/lpp/mmfs/bin:1;/opt/ibutils/bin:1;/opt/dell/srvadmin/bin:1;/gpfs/hps/nco/idsb/Jianbin.Yang/bin:1;/gpfs/hps/nco/idsb/Jianbin.Yang/WCOSS/bin:1;.:1;/u/Jianbin.Yang/.local/bin:1;/u/Jianbin.Yang/bin:1'
+++ export __LMOD_REF_COUNT_PATH
+++ PATH=/usr/lib64/qt-3.3/bin:/usr/local/bin:/usr/bin:/usr/local/sbin:/usr/sbin:/usr/lpp/mmfs/bin:/opt/ibutils/bin:/opt/dell/srvadmin/bin:/gpfs/hps/nco/idsb/Jianbin.Yang/bin:/gpfs/hps/nco/idsb/Jianbin.Yang/WCOSS/bin:.:/u/Jianbin.Yang/.local/bin:/u/Jianbin.Yang/bin
+++ export PATH
+++ unset PKG_CONFIG_PATH
+++ unset PNG_INC
+++ unset PNG_LIB
+++ unset PNG_LIB12
+++ unset PNG_LIBDIR
+++ unset PNG_LIBso
+++ unset PNG_SRC
+++ unset PNG_VER
+++ unset PSTLROOT
+++ unset PYTHONPATH
+++ unset TBBROOT
+++ unset VT_ADD_LIBS
+++ unset VT_ARCH
+++ unset VT_LIB_DIR
+++ unset VT_MPI
+++ unset VT_ROOT
+++ unset VT_SLIB_DIR
+++ unset W3EMC_INC4
+++ unset W3EMC_INC8
+++ unset W3EMC_INCd
+++ unset W3EMC_LIB4
+++ unset W3EMC_LIB8
+++ unset W3EMC_LIBd
+++ unset W3EMC_SRC
+++ unset W3EMC_VER
+++ unset W3NCO_LIB4
+++ unset W3NCO_LIB8
+++ unset W3NCO_LIBd
+++ unset W3NCO_SRC
+++ unset W3NCO_VER
+++ unset WGRIB2INC
+++ unset WGRIB2LIB
+++ unset Z_INC
+++ unset Z_LIB
+++ unset Z_SRC
+++ unset Z_VER
+++ unset __LMOD_REF_COUNT__LMFILES_
+++ unset _LMFILES_
+++ _ModuleTable001_=X01vZHVsZVRhYmxlXz17WyJNVHZlcnNpb24iXT0zLFsiY19yZWJ1aWxkVGltZSJdPWZhbHNlLFsiY19zaG9ydFRpbWUiXT1mYWxzZSxkZXB0aFQ9e30sZmFtaWx5PXt9LG1UPXt9LG1wYXRoQT17Ii4uL21vZHVsZWZpbGVzIiwiL3VzcngvbG9jYWwvcHJvZC9sbW9kL2xtb2QvbW9kdWxlZmlsZXMvQ29yZSIsIi91c3J4L2xvY2FsL3Byb2QvbW9kdWxlZmlsZXMvY29yZV90aGlyZCIsIi91c3J4L2xvY2FsL3Byb2QvbW9kdWxlZmlsZXMvZGVmcyIsIi9ncGZzL2RlbGwxL25jby9vcHMvbndwcm9kL21vZHVsZWZpbGVzL2NvcmVfcHJvZCIsfSxbInN5c3RlbUJhc2VNUEFUSCJdPSIvdXNyeC9sb2NhbC9wcm9kL2xtb2QvbG1vZC9tb2R1bGVmaWxlcy9Db3JlOi91c3J4L2xvY2FsL3By
+++ export _ModuleTable001_
+++ _ModuleTable002_=b2QvbW9kdWxlZmlsZXMvY29yZV90aGlyZDovdXNyeC9sb2NhbC9wcm9kL21vZHVsZWZpbGVzL2RlZnM6L2dwZnMvZGVsbDEvbmNvL29wcy9ud3Byb2QvbW9kdWxlZmlsZXMvY29yZV9wcm9kIix9
+++ export _ModuleTable002_
+++ _ModuleTable_Sz_=2
+++ export _ModuleTable_Sz_
+++ unset _ModuleTable004_
+++ unset _ModuleTable005_
+++ unset _ModuleTable006_
+++ unset _ModuleTable007_
+++ unset _ModuleTable008_
++ module use ../modulefiles
+++ /usrx/local/prod/lmod/lmod/libexec/lmod sh use ../modulefiles
++ eval 'MODULEPATH="../modulefiles:/usrx/local/prod/lmod/lmod/modulefiles/Core:/usrx/local/prod/modulefiles/core_third:/usrx/local/prod/modulefiles/defs:/gpfs/dell1/nco/ops/nwprod/modulefiles/core_prod";' export 'MODULEPATH;' '_ModuleTable001_="X01vZHVsZVRhYmxlXz17WyJNVHZlcnNpb24iXT0zLFsiY19yZWJ1aWxkVGltZSJdPWZhbHNlLFsiY19zaG9ydFRpbWUiXT1mYWxzZSxkZXB0aFQ9e30sZmFtaWx5PXt9LG1UPXt9LG1wYXRoQT17Ii4uL21vZHVsZWZpbGVzIiwiL3VzcngvbG9jYWwvcHJvZC9sbW9kL2xtb2QvbW9kdWxlZmlsZXMvQ29yZSIsIi91c3J4L2xvY2FsL3Byb2QvbW9kdWxlZmlsZXMvY29yZV90aGlyZCIsIi91c3J4L2xvY2FsL3Byb2QvbW9kdWxlZmlsZXMvZGVmcyIsIi9ncGZzL2RlbGwxL25jby9vcHMvbndwcm9kL21vZHVsZWZpbGVzL2NvcmVfcHJvZCIsfSxbInN5c3RlbUJhc2VNUEFUSCJdPSIvdXNyeC9sb2NhbC9wcm9kL2xtb2QvbG1vZC9tb2R1bGVmaWxlcy9Db3JlOi91c3J4L2xvY2FsL3By";' export '_ModuleTable001_;' '_ModuleTable002_="b2QvbW9kdWxlZmlsZXMvY29yZV90aGlyZDovdXNyeC9sb2NhbC9wcm9kL21vZHVsZWZpbGVzL2RlZnM6L2dwZnMvZGVsbDEvbmNvL29wcy9ud3Byb2QvbW9kdWxlZmlsZXMvY29yZV9wcm9kIix9";' export '_ModuleTable002_;' '_ModuleTable_Sz_="2";' export '_ModuleTable_Sz_;'
+++ MODULEPATH=../modulefiles:/usrx/local/prod/lmod/lmod/modulefiles/Core:/usrx/local/prod/modulefiles/core_third:/usrx/local/prod/modulefiles/defs:/gpfs/dell1/nco/ops/nwprod/modulefiles/core_prod
+++ export MODULEPATH
+++ _ModuleTable001_=X01vZHVsZVRhYmxlXz17WyJNVHZlcnNpb24iXT0zLFsiY19yZWJ1aWxkVGltZSJdPWZhbHNlLFsiY19zaG9ydFRpbWUiXT1mYWxzZSxkZXB0aFQ9e30sZmFtaWx5PXt9LG1UPXt9LG1wYXRoQT17Ii4uL21vZHVsZWZpbGVzIiwiL3VzcngvbG9jYWwvcHJvZC9sbW9kL2xtb2QvbW9kdWxlZmlsZXMvQ29yZSIsIi91c3J4L2xvY2FsL3Byb2QvbW9kdWxlZmlsZXMvY29yZV90aGlyZCIsIi91c3J4L2xvY2FsL3Byb2QvbW9kdWxlZmlsZXMvZGVmcyIsIi9ncGZzL2RlbGwxL25jby9vcHMvbndwcm9kL21vZHVsZWZpbGVzL2NvcmVfcHJvZCIsfSxbInN5c3RlbUJhc2VNUEFUSCJdPSIvdXNyeC9sb2NhbC9wcm9kL2xtb2QvbG1vZC9tb2R1bGVmaWxlcy9Db3JlOi91c3J4L2xvY2FsL3By
+++ export _ModuleTable001_
+++ _ModuleTable002_=b2QvbW9kdWxlZmlsZXMvY29yZV90aGlyZDovdXNyeC9sb2NhbC9wcm9kL21vZHVsZWZpbGVzL2RlZnM6L2dwZnMvZGVsbDEvbmNvL29wcy9ud3Byb2QvbW9kdWxlZmlsZXMvY29yZV9wcm9kIix9
+++ export _ModuleTable002_
+++ _ModuleTable_Sz_=2
+++ export _ModuleTable_Sz_
++ module load PCPANL
+++ /usrx/local/prod/lmod/lmod/libexec/lmod sh load PCPANL
++ eval 'ADVISOR_2018_DIR="/usrx/local/prod/intel/2018UP01/advisor_2018";' export 'ADVISOR_2018_DIR;' 'BACIO_LIB4="/gpfs/dell1/nco/ops/nwprod/lib/bacio/v2.0.2/ips/18.0.1/libbacio_v2.0.2_4.a";' export 'BACIO_LIB4;' 'BACIO_LIB8="/gpfs/dell1/nco/ops/nwprod/lib/bacio/v2.0.2/ips/18.0.1/libbacio_v2.0.2_8.a";' export 'BACIO_LIB8;' 'BACIO_SRC="/gpfs/dell1/nco/ops/nwprod/lib/bacio/v2.0.2/src";' export 'BACIO_SRC;' 'BACIO_VER="v2.0.2";' export 'BACIO_VER;' '__LMOD_REF_COUNT_CLASSPATH="/usrx/local/prod/intel/2018UP01/compilers_and_libraries/linux/mpi/lib64/mpi.jar:1;/usrx/local/prod/intel/2018UP01/compilers_and_libraries/linux/daal/lib/daal.jar:1";' export '__LMOD_REF_COUNT_CLASSPATH;' 'CLASSPATH="/usrx/local/prod/intel/2018UP01/compilers_and_libraries/linux/mpi/lib64/mpi.jar:/usrx/local/prod/intel/2018UP01/compilers_and_libraries/linux/daal/lib/daal.jar";' export 'CLASSPATH;' 'CLCK_ROOT="/usrx/local/prod/intel/2018UP01/clck_latest";' export 'CLCK_ROOT;' 'COMP="ips";' export 'COMP;' '__LMOD_REF_COUNT_CPATH="/usrx/local/prod/intel/2018UP01/compilers_and_libraries/linux/ipp/include:1;/usrx/local/prod/intel/2018UP01/compilers_and_libraries/linux/mkl/include:1;/usrx/local/prod/intel/2018UP01/compilers_and_libraries/linux/pstl/include:1;/usrx/local/prod/intel/2018UP01/compilers_and_libraries/linux/tbb/include:1;/usrx/local/prod/intel/2018UP01/compilers_and_libraries/linux/daal/include:1";' export '__LMOD_REF_COUNT_CPATH;' 'CPATH="/usrx/local/prod/intel/2018UP01/compilers_and_libraries/linux/ipp/include:/usrx/local/prod/intel/2018UP01/compilers_and_libraries/linux/mkl/include:/usrx/local/prod/intel/2018UP01/compilers_and_libraries/linux/pstl/include:/usrx/local/prod/intel/2018UP01/compilers_and_libraries/linux/tbb/include:/usrx/local/prod/intel/2018UP01/compilers_and_libraries/linux/daal/include";' export 'CPATH;' '__LMOD_REF_COUNT_CPLUS_INCLUDE_PATH="/usrx/local/prod/intel/2018UP01/clck_latest/include:1";' export '__LMOD_REF_COUNT_CPLUS_INCLUDE_PATH;' 'CPLUS_INCLUDE_PATH="/usrx/local/prod/intel/2018UP01/clck_latest/include";' export 'CPLUS_INCLUDE_PATH;' 'DAALROOT="/usrx/local/prod/intel/2018UP01/compilers_and_libraries/linux/daal";' export 'DAALROOT;' 'D_FFLAGS_CHKBNDS="-g' -check bounds '-traceback";' export 'D_FFLAGS_CHKBNDS;' 'G2_INC4="/gpfs/dell1/nco/ops/nwprod/lib/g2/v3.1.0/ips/18.0.1/include/g2_v3.1.0_4";' export 'G2_INC4;' 'G2_INCd="/gpfs/dell1/nco/ops/nwprod/lib/g2/v3.1.0/ips/18.0.1/include/g2_v3.1.0_d";' export 'G2_INCd;' 'G2_LIB4="/gpfs/dell1/nco/ops/nwprod/lib/g2/v3.1.0/ips/18.0.1/libg2_v3.1.0_4.a";' export 'G2_LIB4;' 'G2_LIBd="/gpfs/dell1/nco/ops/nwprod/lib/g2/v3.1.0/ips/18.0.1/libg2_v3.1.0_d.a";' export 'G2_LIBd;' 'G2_SRC="/gpfs/dell1/nco/ops/nwprod/lib/g2/v3.1.0/src";' export 'G2_SRC;' 'G2_VER="v3.1.0";' export 'G2_VER;' 'GDBSERVER_MIC="/usrx/local/prod/intel/2018UP01/debugger_2018/gdb/targets/intel64/x200/bin/gdbserver";' export 'GDBSERVER_MIC;' 'GDB_CROSS="/usrx/local/prod/intel/2018UP01/debugger_2018/gdb/intel64/bin/gdb-ia";' export 'GDB_CROSS;' '__LMOD_REF_COUNT_INFOPATH="/usrx/local/prod/intel/2018UP01/documentation_2018/en/debugger/gdb-ia/info:1;info_gdb_igfx:1";' export '__LMOD_REF_COUNT_INFOPATH;' 'INFOPATH="/usrx/local/prod/intel/2018UP01/documentation_2018/en/debugger/gdb-ia/info:info_gdb_igfx";' export 'INFOPATH;' 'INSPECTOR_2018_DIR="/usrx/local/prod/intel/2018UP01/inspector_2018";' export 'INSPECTOR_2018_DIR;' 'INTEL_LICENSE_FILE="/usrx/local/prod/intel/licenses";' export 'INTEL_LICENSE_FILE;' 'INTEL_PYTHONHOME="/usrx/local/prod/intel/2018UP01/debugger_2018/python/intel64";' export 'INTEL_PYTHONHOME;' 'IPPROOT="/usrx/local/prod/intel/2018UP01/compilers_and_libraries/linux/ipp";' export 'IPPROOT;' 'I_MPI_CC="icc";' export 'I_MPI_CC;' 'I_MPI_CXX="icpc";' export 'I_MPI_CXX;' 'I_MPI_EXTRA_FILESYSTEM="yes";' export 'I_MPI_EXTRA_FILESYSTEM;' 'I_MPI_EXTRA_FILESYSTEM_LIST="gpfs";' export 'I_MPI_EXTRA_FILESYSTEM_LIST;' 'I_MPI_F77="ifort";' export 'I_MPI_F77;' 'I_MPI_F90="ifort";' export 'I_MPI_F90;' 'I_MPI_FC="ifort";' export 'I_MPI_FC;' 'I_MPI_HYDRA_BOOTSTRAP="lsf";' export 'I_MPI_HYDRA_BOOTSTRAP;' 'I_MPI_HYDRA_IFACE="ib0";' export 'I_MPI_HYDRA_IFACE;' 'I_MPI_LSF_USE_COLLECTIVE_LAUNCH="1";' export 'I_MPI_LSF_USE_COLLECTIVE_LAUNCH;' 'I_MPI_ROOT="/usrx/local/prod/intel/2018UP01/compilers_and_libraries/linux/mpi";' export 'I_MPI_ROOT;' 'JASPER_INC="/usrx/local/prod/packages/gnu/4.8.5/jasper/1.900.1/include";' export 'JASPER_INC;' 'JASPER_LIB="/usrx/local/prod/packages/gnu/4.8.5/jasper/1.900.1/lib/libjasper.a";' export 'JASPER_LIB;' 'JASPER_LIBDIR="/usrx/local/prod/packages/gnu/4.8.5/jasper/1.900.1/lib";' export 'JASPER_LIBDIR;' 'JASPER_SRC="/usrx/local/prod/packages/gnu/4.8.5/jasper/1.900.1/src/jasper-1.900.1";' export 'JASPER_SRC;' 'JASPER_VER="1.900.1";' export 'JASPER_VER;' 'KMP_AFFINITY="scatter";' export 'KMP_AFFINITY;' '__LMOD_REF_COUNT_LD_LIBRARY_PATH="/usrx/local/prod/packages/ips/18.0.1/zlib/1.2.11/lib:1;/usrx/local/prod/packages/gnu/4.8.5/libpng/1.2.44/lib:1;/usrx/local/prod/packages/gnu/4.8.5/jasper/1.900.1/lib:1;/usrx/local/prod/intel/2018UP01/itac_latest/slib:1;/usrx/local/prod/intel/2018UP01/compilers_and_libraries/linux/lib/intel64_lin:1;/usrx/local/prod/intel/2018UP01/compilers_and_libraries/linux/mpi/lib64:1;/usrx/local/prod/intel/2018UP01/compilers_and_libraries/linux/ipp/lib/intel64_lin:1;/usrx/local/prod/intel/2018UP01/compilers_and_libraries/linux/mkl/lib/intel64_lin:1;/usrx/local/prod/intel/2018UP01/compilers_and_libraries/linux/tbb/lib/intel64_lin/gcc4.7:1;/usrx/local/prod/intel/2018UP01/debugger_2018/iga/lib:1;/usrx/local/prod/intel/2018UP01/debugger_2018/libipt/intel64/lib:1;/usrx/local/prod/intel/2018UP01/compilers_and_libraries/linux/daal/lib/intel64_lin:1;/usrx/local/prod/intel/2018UP01/compilers_and_libraries/linux/tbb/lib/intel64_lin/gcc4.4:1";' export '__LMOD_REF_COUNT_LD_LIBRARY_PATH;' 'LD_LIBRARY_PATH="/usrx/local/prod/packages/ips/18.0.1/zlib/1.2.11/lib:/usrx/local/prod/packages/gnu/4.8.5/libpng/1.2.44/lib:/usrx/local/prod/packages/gnu/4.8.5/jasper/1.900.1/lib:/usrx/local/prod/intel/2018UP01/itac_latest/slib:/usrx/local/prod/intel/2018UP01/compilers_and_libraries/linux/lib/intel64_lin:/usrx/local/prod/intel/2018UP01/compilers_and_libraries/linux/mpi/lib64:/usrx/local/prod/intel/2018UP01/compilers_and_libraries/linux/ipp/lib/intel64_lin:/usrx/local/prod/intel/2018UP01/compilers_and_libraries/linux/mkl/lib/intel64_lin:/usrx/local/prod/intel/2018UP01/compilers_and_libraries/linux/tbb/lib/intel64_lin/gcc4.7:/usrx/local/prod/intel/2018UP01/debugger_2018/iga/lib:/usrx/local/prod/intel/2018UP01/debugger_2018/libipt/intel64/lib:/usrx/local/prod/intel/2018UP01/compilers_and_libraries/linux/daal/lib/intel64_lin:/usrx/local/prod/intel/2018UP01/compilers_and_libraries/linux/tbb/lib/intel64_lin/gcc4.4";' export 'LD_LIBRARY_PATH;' '__LMOD_REF_COUNT_LIBRARY_PATH="/usrx/local/prod/intel/2018UP01/clck_latest/lib/intel64:1;/usrx/local/prod/intel/2018UP01/compilers_and_libraries/linux/ipp/lib/intel64_lin:1;/usrx/local/prod/intel/2018UP01/compilers_and_libraries/linux/lib/intel64_lin:1;/usrx/local/prod/intel/2018UP01/compilers_and_libraries/linux/mkl/lib/intel64_lin:1;/usrx/local/prod/intel/2018UP01/compilers_and_libraries/linux/tbb/lib/intel64_lin/gcc4.7:1;/usrx/local/prod/intel/2018UP01/compilers_and_libraries/linux/daal/lib/intel64_lin:1;/usrx/local/prod/intel/2018UP01/compilers_and_libraries/linux/tbb/lib/intel64_lin/gcc4.4:1";' export '__LMOD_REF_COUNT_LIBRARY_PATH;' 'LIBRARY_PATH="/usrx/local/prod/intel/2018UP01/clck_latest/lib/intel64:/usrx/local/prod/intel/2018UP01/compilers_and_libraries/linux/ipp/lib/intel64_lin:/usrx/local/prod/intel/2018UP01/compilers_and_libraries/linux/lib/intel64_lin:/usrx/local/prod/intel/2018UP01/compilers_and_libraries/linux/mkl/lib/intel64_lin:/usrx/local/prod/intel/2018UP01/compilers_and_libraries/linux/tbb/lib/intel64_lin/gcc4.7:/usrx/local/prod/intel/2018UP01/compilers_and_libraries/linux/daal/lib/intel64_lin:/usrx/local/prod/intel/2018UP01/compilers_and_libraries/linux/tbb/lib/intel64_lin/gcc4.4";' export 'LIBRARY_PATH;' 'LMOD_FAMILY_COMPILER="ips";' export 'LMOD_FAMILY_COMPILER;' 'LMOD_FAMILY_COMPILER_VERSION="18.0.1.163";' export 'LMOD_FAMILY_COMPILER_VERSION;' 'LMOD_FAMILY_MPI="impi";' export 'LMOD_FAMILY_MPI;' 'LMOD_FAMILY_MPI_VERSION="18.0.1";' export 'LMOD_FAMILY_MPI_VERSION;' '__LMOD_REF_COUNT_LOADEDMODULES="ips/18.0.1.163:1;impi/18.0.1:1;bacio/2.0.2:1;w3nco/2.0.6:1;w3emc/2.3.0:1;g2/3.1.0:1;jasper/1.900.1:1;libpng/1.2.44:1;zlib/1.2.11:1;PCPANL/v4.0.0:1";' export '__LMOD_REF_COUNT_LOADEDMODULES;' 'LOADEDMODULES="ips/18.0.1.163:impi/18.0.1:bacio/2.0.2:w3nco/2.0.6:w3emc/2.3.0:g2/3.1.0:jasper/1.900.1:libpng/1.2.44:zlib/1.2.11:PCPANL/v4.0.0";' export 'LOADEDMODULES;' '__LMOD_REF_COUNT_MANPATH="/usrx/local/prod/packages/ips/18.0.1/zlib/1.2.11/share/man:1;/usrx/local/prod/packages/gnu/4.8.5/libpng/1.2.44/share/man:1;/usrx/local/prod/packages/gnu/4.8.5/jasper/1.900.1/man:1;/usrx/local/prod/intel/2018UP01/itac_latest/man:1;/usrx/local/prod/intel/2018UP01/compilers_and_libraries/linux/man/common:1;/usrx/local/prod/intel/2018UP01/compilers_and_libraries/linux/mpi/man:1;/usrx/local/prod/intel/2018UP01/documentation_2018/en/debugger/gdb-ia/man:1;/usrx/local/prod/intel/2018UP01/documentation_2018/en/debugger/gdb-igfx/man:1;/usrx/local/prod/lmod/lmod/share/man:1;/usrx/local/prod/intel/2018UP01/inspector_2018/man:1;/usrx/local/prod/intel/2018UP01/advisor_2018/man:1";' export '__LMOD_REF_COUNT_MANPATH;' 'MANPATH="/usrx/local/prod/packages/ips/18.0.1/zlib/1.2.11/share/man:/usrx/local/prod/packages/gnu/4.8.5/libpng/1.2.44/share/man:/usrx/local/prod/packages/gnu/4.8.5/jasper/1.900.1/man:/usrx/local/prod/intel/2018UP01/itac_latest/man:/usrx/local/prod/intel/2018UP01/compilers_and_libraries/linux/man/common:/usrx/local/prod/intel/2018UP01/compilers_and_libraries/linux/mpi/man:/usrx/local/prod/intel/2018UP01/documentation_2018/en/debugger/gdb-ia/man:/usrx/local/prod/intel/2018UP01/documentation_2018/en/debugger/gdb-igfx/man:/usrx/local/prod/lmod/lmod/share/man::/usrx/local/prod/intel/2018UP01/inspector_2018/man:/usrx/local/prod/intel/2018UP01/advisor_2018/man";' export 'MANPATH;' 'MKLROOT="/usrx/local/prod/intel/2018UP01/compilers_and_libraries/linux/mkl";' export 'MKLROOT;' 'MODULEPATH="../modulefiles:/usrx/local/prod/lmod/lmod/modulefiles/Core:/usrx/local/prod/modulefiles/core_third:/usrx/local/prod/modulefiles/defs:/gpfs/dell1/nco/ops/nwprod/modulefiles/core_prod:/usrx/local/prod/modulefiles/compiler_third/ips/18.0.1:/gpfs/dell1/nco/ops/nwprod/modulefiles/compiler_prod/ips/18.0.1:/usrx/local/prod/modulefiles/compiler_mpi/ips/18.0.1:/usrx/local/prod/modulefiles/mpi_third/ips/18.0.1/impi/18.0.1:/gpfs/dell1/nco/ops/nwprod/modulefiles/mpi_prod/ips/18.0.1/impi/18.0.1";' export 'MODULEPATH;' 'MPM_LAUNCHER="/usrx/local/prod/intel/2018UP01/debugger_2018/mpm/mic/bin/start_mpm.sh";' export 'MPM_LAUNCHER;' '__LMOD_REF_COUNT_NLSPATH="/usrx/local/prod/intel/2018UP01/compilers_and_libraries/linux/lib/intel64_lin/locale/%l_%t/%N:1;/usrx/local/prod/intel/2018UP01/compilers_and_libraries/linux/mkl/lib/intel64_lin/locale/%l_%t/%N:1;/usrx/local/prod/intel/2018UP01/debugger_2018/gdb/intel64/share/locale/%l_%t/%N:1";' export '__LMOD_REF_COUNT_NLSPATH;' 'NLSPATH="/usrx/local/prod/intel/2018UP01/compilers_and_libraries/linux/lib/intel64_lin/locale/%l_%t/%N:/usrx/local/prod/intel/2018UP01/compilers_and_libraries/linux/mkl/lib/intel64_lin/locale/%l_%t/%N::/usrx/local/prod/intel/2018UP01/debugger_2018/gdb/intel64/share/locale/%l_%t/%N";' export 'NLSPATH;' '__LMOD_REF_COUNT_PATH="/usrx/local/prod/packages/gnu/4.8.5/libpng/1.2.44/bin:1;/usrx/local/prod/packages/gnu/4.8.5/jasper/1.900.1/bin:1;/usrx/local/prod/intel/2018UP01/advisor_2018/bin64:1;/usrx/local/prod/intel/2018UP01/vtune_amplifier_2018/bin64:1;/usrx/local/prod/intel/2018UP01/inspector_2018/bin64:1;/usrx/local/prod/intel/2018UP01/itac_latest/bin:1;/usrx/local/prod/intel/2018UP01/clck_latest/bin/intel64:1;/usrx/local/prod/intel/2018UP01/compilers_and_libraries/linux/bin/intel64:1;/usrx/local/prod/intel/2018UP01/compilers_and_libraries/linux/mpi/bin64:1;/usrx/local/prod/intel/2018UP01/debugger_2018/gdb/targets/intel64/x200/bin:1;/usrx/local/prod/intel/2018UP01/debugger_2018/gdb/intel64/bin:1;/usr/lib64/qt-3.3/bin:1;/usr/local/bin:1;/usr/bin:1;/usr/local/sbin:1;/usr/sbin:1;/usr/lpp/mmfs/bin:1;/opt/ibutils/bin:1;/opt/dell/srvadmin/bin:1;/gpfs/hps/nco/idsb/Jianbin.Yang/bin:1;/gpfs/hps/nco/idsb/Jianbin.Yang/WCOSS/bin:1;.:1;/u/Jianbin.Yang/.local/bin:1;/u/Jianbin.Yang/bin:1;/usrx/local/prod/packages/ips/18.0.1/zlib/1.2.11/include:1";' export '__LMOD_REF_COUNT_PATH;' 'PATH="/usrx/local/prod/packages/gnu/4.8.5/libpng/1.2.44/bin:/usrx/local/prod/packages/gnu/4.8.5/jasper/1.900.1/bin:/usrx/local/prod/intel/2018UP01/advisor_2018/bin64:/usrx/local/prod/intel/2018UP01/vtune_amplifier_2018/bin64:/usrx/local/prod/intel/2018UP01/inspector_2018/bin64:/usrx/local/prod/intel/2018UP01/itac_latest/bin:/usrx/local/prod/intel/2018UP01/clck_latest/bin/intel64:/usrx/local/prod/intel/2018UP01/compilers_and_libraries/linux/bin/intel64:/usrx/local/prod/intel/2018UP01/compilers_and_libraries/linux/mpi/bin64:/usrx/local/prod/intel/2018UP01/debugger_2018/gdb/targets/intel64/x200/bin:/usrx/local/prod/intel/2018UP01/debugger_2018/gdb/intel64/bin:/usr/lib64/qt-3.3/bin:/usr/local/bin:/usr/bin:/usr/local/sbin:/usr/sbin:/usr/lpp/mmfs/bin:/opt/ibutils/bin:/opt/dell/srvadmin/bin:/gpfs/hps/nco/idsb/Jianbin.Yang/bin:/gpfs/hps/nco/idsb/Jianbin.Yang/WCOSS/bin:.:/u/Jianbin.Yang/.local/bin:/u/Jianbin.Yang/bin:/usrx/local/prod/packages/ips/18.0.1/zlib/1.2.11/include";' export 'PATH;' 'PKG_CONFIG_PATH="/usrx/local/prod/intel/2018UP01/compilers_and_libraries/linux/mkl/bin/pkgconfig";' export 'PKG_CONFIG_PATH;' 'PNG_INC="/usrx/local/prod/packages/gnu/4.8.5/libpng/1.2.44/include";' export 'PNG_INC;' 'PNG_LIB="/usrx/local/prod/packages/gnu/4.8.5/libpng/1.2.44/lib/libpng.a";' export 'PNG_LIB;' 'PNG_LIB12="/usrx/local/prod/packages/gnu/4.8.5/libpng/1.2.44/lib/libpng12.a";' export 'PNG_LIB12;' 'PNG_LIBDIR="/usrx/local/prod/packages/gnu/4.8.5/libpng/1.2.44/lib";' export 'PNG_LIBDIR;' 'PNG_LIBso="/usrx/local/prod/packages/gnu/4.8.5/libpng/1.2.44/lib/libpng.so";' export 'PNG_LIBso;' 'PNG_SRC="/usrx/local/prod/packages/gnu/4.8.5/libpng/1.2.44/src/libpng-1.2.44";' export 'PNG_SRC;' 'PNG_VER="1.2.44";' export 'PNG_VER;' 'PSTLROOT="/usrx/local/prod/intel/2018UP01/compilers_and_libraries/linux/pstl";' export 'PSTLROOT;' 'PYTHONPATH="/usrx/local/prod/intel/2018UP01/advisor_2018/pythonapi";' export 'PYTHONPATH;' 'TBBROOT="/usrx/local/prod/intel/2018UP01/compilers_and_libraries/linux/tbb";' export 'TBBROOT;' 'VT_ADD_LIBS="-ldwarf' -lelf -lvtunwind -lm '-lpthread";' export 'VT_ADD_LIBS;' 'VT_ARCH="intel64";' export 'VT_ARCH;' 'VT_LIB_DIR="/usrx/local/prod/intel/2018UP01/itac_latest/lib";' export 'VT_LIB_DIR;' 'VT_MPI="impi4";' export 'VT_MPI;' 'VT_ROOT="/usrx/local/prod/intel/2018UP01/itac_latest";' export 'VT_ROOT;' 'VT_SLIB_DIR="/usrx/local/prod/intel/2018UP01/itac_latest/slib";' export 'VT_SLIB_DIR;' 'W3EMC_INC4="/gpfs/dell1/nco/ops/nwprod/lib/w3emc/v2.3.0/ips/18.0.1/impi/18.0.1/include/w3emc_v2.3.0_4";' export 'W3EMC_INC4;' 'W3EMC_INC8="/gpfs/dell1/nco/ops/nwprod/lib/w3emc/v2.3.0/ips/18.0.1/impi/18.0.1/include/w3emc_v2.3.0_8";' export 'W3EMC_INC8;' 'W3EMC_INCd="/gpfs/dell1/nco/ops/nwprod/lib/w3emc/v2.3.0/ips/18.0.1/impi/18.0.1/include/w3emc_v2.3.0_d";' export 'W3EMC_INCd;' 'W3EMC_LIB4="/gpfs/dell1/nco/ops/nwprod/lib/w3emc/v2.3.0/ips/18.0.1/impi/18.0.1/libw3emc_v2.3.0_4.a";' export 'W3EMC_LIB4;' 'W3EMC_LIB8="/gpfs/dell1/nco/ops/nwprod/lib/w3emc/v2.3.0/ips/18.0.1/impi/18.0.1/libw3emc_v2.3.0_8.a";' export 'W3EMC_LIB8;' 'W3EMC_LIBd="/gpfs/dell1/nco/ops/nwprod/lib/w3emc/v2.3.0/ips/18.0.1/impi/18.0.1/libw3emc_v2.3.0_d.a";' export 'W3EMC_LIBd;' 'W3EMC_SRC="/gpfs/dell1/nco/ops/nwprod/lib/w3emc/v2.3.0/src/libsrc";' export 'W3EMC_SRC;' 'W3EMC_VER="v2.3.0";' export 'W3EMC_VER;' 'W3NCO_LIB4="/gpfs/dell1/nco/ops/nwprod/lib/w3nco/v2.0.6/ips/18.0.1/libw3nco_v2.0.6_4.a";' export 'W3NCO_LIB4;' 'W3NCO_LIB8="/gpfs/dell1/nco/ops/nwprod/lib/w3nco/v2.0.6/ips/18.0.1/libw3nco_v2.0.6_8.a";' export 'W3NCO_LIB8;' 'W3NCO_LIBd="/gpfs/dell1/nco/ops/nwprod/lib/w3nco/v2.0.6/ips/18.0.1/libw3nco_v2.0.6_d.a";' export 'W3NCO_LIBd;' 'W3NCO_SRC="/gpfs/dell1/nco/ops/nwprod/lib/w3nco/v2.0.6/src";' export 'W3NCO_SRC;' 'W3NCO_VER="v2.0.6";' export 'W3NCO_VER;' 'WGRIB2INC="/gpfs/dell2/emc/verification/noscrub/Ying.Lin/pcpanl/pcpanl.v4.0.0/lib/grib2/lib";' export 'WGRIB2INC;' 'WGRIB2LIB="/gpfs/dell2/emc/verification/noscrub/Ying.Lin/pcpanl/pcpanl.v4.0.0/lib/grib2/lib/libwgrib2.a";' export 'WGRIB2LIB;' 'Z_INC="/usrx/local/prod/packages/ips/18.0.1/zlib/1.2.11/include";' export 'Z_INC;' 'Z_LIB="/usrx/local/prod/packages/ips/18.0.1/zlib/1.2.11/lib/libz.a";' export 'Z_LIB;' 'Z_SRC="/usrx/local/prod/packages/ips/18.0.1/zlib/1.2.11/src";' export 'Z_SRC;' 'Z_VER="1.2.11";' export 'Z_VER;' '__LMOD_REF_COUNT__LMFILES_="/usrx/local/prod/modulefiles/core_third/ips/18.0.1.163:1;/usrx/local/prod/modulefiles/compiler_mpi/ips/18.0.1/impi/18.0.1.lua:1;/gpfs/dell1/nco/ops/nwprod/modulefiles/compiler_prod/ips/18.0.1/bacio/2.0.2:1;/gpfs/dell1/nco/ops/nwprod/modulefiles/compiler_prod/ips/18.0.1/w3nco/2.0.6:1;/gpfs/dell1/nco/ops/nwprod/modulefiles/mpi_prod/ips/18.0.1/impi/18.0.1/w3emc/2.3.0:1;/gpfs/dell1/nco/ops/nwprod/modulefiles/compiler_prod/ips/18.0.1/g2/3.1.0:1;/usrx/local/prod/modulefiles/compiler_third/ips/18.0.1/jasper/1.900.1:1;/usrx/local/prod/modulefiles/compiler_third/ips/18.0.1/libpng/1.2.44:1;/usrx/local/prod/modulefiles/compiler_third/ips/18.0.1/zlib/1.2.11:1;../modulefiles/PCPANL/v4.0.0:1";' export '__LMOD_REF_COUNT__LMFILES_;' '_LMFILES_="/usrx/local/prod/modulefiles/core_third/ips/18.0.1.163:/usrx/local/prod/modulefiles/compiler_mpi/ips/18.0.1/impi/18.0.1.lua:/gpfs/dell1/nco/ops/nwprod/modulefiles/compiler_prod/ips/18.0.1/bacio/2.0.2:/gpfs/dell1/nco/ops/nwprod/modulefiles/compiler_prod/ips/18.0.1/w3nco/2.0.6:/gpfs/dell1/nco/ops/nwprod/modulefiles/mpi_prod/ips/18.0.1/impi/18.0.1/w3emc/2.3.0:/gpfs/dell1/nco/ops/nwprod/modulefiles/compiler_prod/ips/18.0.1/g2/3.1.0:/usrx/local/prod/modulefiles/compiler_third/ips/18.0.1/jasper/1.900.1:/usrx/local/prod/modulefiles/compiler_third/ips/18.0.1/libpng/1.2.44:/usrx/local/prod/modulefiles/compiler_third/ips/18.0.1/zlib/1.2.11:../modulefiles/PCPANL/v4.0.0";' export '_LMFILES_;' '_ModuleTable001_="X01vZHVsZVRhYmxlXz17WyJNVHZlcnNpb24iXT0zLFsiY19yZWJ1aWxkVGltZSJdPWZhbHNlLFsiY19zaG9ydFRpbWUiXT1mYWxzZSxkZXB0aFQ9e30sZmFtaWx5PXtbImNvbXBpbGVyIl09ImlwcyIsWyJtcGkiXT0iaW1waSIsfSxtVD17UENQQU5MPXtbImZuIl09Ii4uL21vZHVsZWZpbGVzL1BDUEFOTC92NC4wLjAiLFsiZnVsbE5hbWUiXT0iUENQQU5ML3Y0LjAuMCIsWyJsb2FkT3JkZXIiXT0xMCxwcm9wVD17fSxbInN0YWNrRGVwdGgiXT0wLFsic3RhdHVzIl09ImFjdGl2ZSIsWyJ1c2VyTmFtZSJdPSJQQ1BBTkwiLH0sYmFjaW89e1siZm4iXT0iL2dwZnMvZGVsbDEvbmNvL29wcy9ud3Byb2QvbW9kdWxlZmlsZXMvY29tcGlsZXJfcHJvZC9pcHMvMTguMC4xL2JhY2lvLzIu";' export '_ModuleTable001_;' '_ModuleTable002_="MC4yIixbImZ1bGxOYW1lIl09ImJhY2lvLzIuMC4yIixbImxvYWRPcmRlciJdPTMscHJvcFQ9e30sWyJzdGFja0RlcHRoIl09MSxbInN0YXR1cyJdPSJhY3RpdmUiLFsidXNlck5hbWUiXT0iYmFjaW8vMi4wLjIiLH0sZzI9e1siZm4iXT0iL2dwZnMvZGVsbDEvbmNvL29wcy9ud3Byb2QvbW9kdWxlZmlsZXMvY29tcGlsZXJfcHJvZC9pcHMvMTguMC4xL2cyLzMuMS4wIixbImZ1bGxOYW1lIl09ImcyLzMuMS4wIixbImxvYWRPcmRlciJdPTYscHJvcFQ9e30sWyJzdGFja0RlcHRoIl09MSxbInN0YXR1cyJdPSJhY3RpdmUiLFsidXNlck5hbWUiXT0iZzIvMy4xLjAiLH0saW1waT17WyJmbiJdPSIvdXNyeC9sb2NhbC9wcm9kL21vZHVsZWZpbGVzL2NvbXBpbGVyX21waS9pcHMvMTgu";' export '_ModuleTable002_;' '_ModuleTable003_="MC4xL2ltcGkvMTguMC4xLmx1YSIsWyJmdWxsTmFtZSJdPSJpbXBpLzE4LjAuMSIsWyJsb2FkT3JkZXIiXT0yLHByb3BUPXt9LFsic3RhY2tEZXB0aCJdPTEsWyJzdGF0dXMiXT0iYWN0aXZlIixbInVzZXJOYW1lIl09ImltcGkvMTguMC4xIix9LGlwcz17WyJmbiJdPSIvdXNyeC9sb2NhbC9wcm9kL21vZHVsZWZpbGVzL2NvcmVfdGhpcmQvaXBzLzE4LjAuMS4xNjMiLFsiZnVsbE5hbWUiXT0iaXBzLzE4LjAuMS4xNjMiLFsibG9hZE9yZGVyIl09MSxwcm9wVD17fSxbInN0YWNrRGVwdGgiXT0xLFsic3RhdHVzIl09ImFjdGl2ZSIsWyJ1c2VyTmFtZSJdPSJpcHMvMTguMC4xLjE2MyIsfSxqYXNwZXI9e1siZm4iXT0iL3VzcngvbG9jYWwvcHJvZC9tb2R1bGVmaWxlcy9jb21waWxl";' export '_ModuleTable003_;' '_ModuleTable004_="cl90aGlyZC9pcHMvMTguMC4xL2phc3Blci8xLjkwMC4xIixbImZ1bGxOYW1lIl09Imphc3Blci8xLjkwMC4xIixbImxvYWRPcmRlciJdPTcscHJvcFQ9e30sWyJzdGFja0RlcHRoIl09MSxbInN0YXR1cyJdPSJhY3RpdmUiLFsidXNlck5hbWUiXT0iamFzcGVyLzEuOTAwLjEiLH0sbGlicG5nPXtbImZuIl09Ii91c3J4L2xvY2FsL3Byb2QvbW9kdWxlZmlsZXMvY29tcGlsZXJfdGhpcmQvaXBzLzE4LjAuMS9saWJwbmcvMS4yLjQ0IixbImZ1bGxOYW1lIl09ImxpYnBuZy8xLjIuNDQiLFsibG9hZE9yZGVyIl09OCxwcm9wVD17fSxbInN0YWNrRGVwdGgiXT0xLFsic3RhdHVzIl09ImFjdGl2ZSIsWyJ1c2VyTmFtZSJdPSJsaWJwbmcvMS4yLjQ0Iix9LHczZW1jPXtbImZuIl09Ii9n";' export '_ModuleTable004_;' '_ModuleTable005_="cGZzL2RlbGwxL25jby9vcHMvbndwcm9kL21vZHVsZWZpbGVzL21waV9wcm9kL2lwcy8xOC4wLjEvaW1waS8xOC4wLjEvdzNlbWMvMi4zLjAiLFsiZnVsbE5hbWUiXT0idzNlbWMvMi4zLjAiLFsibG9hZE9yZGVyIl09NSxwcm9wVD17fSxbInN0YWNrRGVwdGgiXT0xLFsic3RhdHVzIl09ImFjdGl2ZSIsWyJ1c2VyTmFtZSJdPSJ3M2VtYy8yLjMuMCIsfSx3M25jbz17WyJmbiJdPSIvZ3Bmcy9kZWxsMS9uY28vb3BzL253cHJvZC9tb2R1bGVmaWxlcy9jb21waWxlcl9wcm9kL2lwcy8xOC4wLjEvdzNuY28vMi4wLjYiLFsiZnVsbE5hbWUiXT0idzNuY28vMi4wLjYiLFsibG9hZE9yZGVyIl09NCxwcm9wVD17fSxbInN0YWNrRGVwdGgiXT0xLFsic3RhdHVzIl09ImFjdGl2ZSIsWyJ1";' export '_ModuleTable005_;' '_ModuleTable006_="c2VyTmFtZSJdPSJ3M25jby8yLjAuNiIsfSx6bGliPXtbImZuIl09Ii91c3J4L2xvY2FsL3Byb2QvbW9kdWxlZmlsZXMvY29tcGlsZXJfdGhpcmQvaXBzLzE4LjAuMS96bGliLzEuMi4xMSIsWyJmdWxsTmFtZSJdPSJ6bGliLzEuMi4xMSIsWyJsb2FkT3JkZXIiXT05LHByb3BUPXt9LFsic3RhY2tEZXB0aCJdPTEsWyJzdGF0dXMiXT0iYWN0aXZlIixbInVzZXJOYW1lIl09InpsaWIvMS4yLjExIix9LH0sbXBhdGhBPXsiLi4vbW9kdWxlZmlsZXMiLCIvdXNyeC9sb2NhbC9wcm9kL2xtb2QvbG1vZC9tb2R1bGVmaWxlcy9Db3JlIiwiL3VzcngvbG9jYWwvcHJvZC9tb2R1bGVmaWxlcy9jb3JlX3RoaXJkIiwiL3VzcngvbG9jYWwvcHJvZC9tb2R1bGVmaWxlcy9kZWZzIiwiL2dwZnMv";' export '_ModuleTable006_;' '_ModuleTable007_="ZGVsbDEvbmNvL29wcy9ud3Byb2QvbW9kdWxlZmlsZXMvY29yZV9wcm9kIiwiL3VzcngvbG9jYWwvcHJvZC9tb2R1bGVmaWxlcy9jb21waWxlcl90aGlyZC9pcHMvMTguMC4xIiwiL2dwZnMvZGVsbDEvbmNvL29wcy9ud3Byb2QvbW9kdWxlZmlsZXMvY29tcGlsZXJfcHJvZC9pcHMvMTguMC4xIiwiL3VzcngvbG9jYWwvcHJvZC9tb2R1bGVmaWxlcy9jb21waWxlcl9tcGkvaXBzLzE4LjAuMSIsIi91c3J4L2xvY2FsL3Byb2QvbW9kdWxlZmlsZXMvbXBpX3RoaXJkL2lwcy8xOC4wLjEvaW1waS8xOC4wLjEiLCIvZ3Bmcy9kZWxsMS9uY28vb3BzL253cHJvZC9tb2R1bGVmaWxlcy9tcGlfcHJvZC9pcHMvMTguMC4xL2ltcGkvMTguMC4xIix9LFsic3lzdGVtQmFzZU1QQVRIIl09Ii91";' export '_ModuleTable007_;' '_ModuleTable008_="c3J4L2xvY2FsL3Byb2QvbG1vZC9sbW9kL21vZHVsZWZpbGVzL0NvcmU6L3VzcngvbG9jYWwvcHJvZC9tb2R1bGVmaWxlcy9jb3JlX3RoaXJkOi91c3J4L2xvY2FsL3Byb2QvbW9kdWxlZmlsZXMvZGVmczovZ3Bmcy9kZWxsMS9uY28vb3BzL253cHJvZC9tb2R1bGVmaWxlcy9jb3JlX3Byb2QiLH0=";' export '_ModuleTable008_;' '_ModuleTable_Sz_="8";' export '_ModuleTable_Sz_;'
+++ ADVISOR_2018_DIR=/usrx/local/prod/intel/2018UP01/advisor_2018
+++ export ADVISOR_2018_DIR
+++ BACIO_LIB4=/gpfs/dell1/nco/ops/nwprod/lib/bacio/v2.0.2/ips/18.0.1/libbacio_v2.0.2_4.a
+++ export BACIO_LIB4
+++ BACIO_LIB8=/gpfs/dell1/nco/ops/nwprod/lib/bacio/v2.0.2/ips/18.0.1/libbacio_v2.0.2_8.a
+++ export BACIO_LIB8
+++ BACIO_SRC=/gpfs/dell1/nco/ops/nwprod/lib/bacio/v2.0.2/src
+++ export BACIO_SRC
+++ BACIO_VER=v2.0.2
+++ export BACIO_VER
+++ __LMOD_REF_COUNT_CLASSPATH='/usrx/local/prod/intel/2018UP01/compilers_and_libraries/linux/mpi/lib64/mpi.jar:1;/usrx/local/prod/intel/2018UP01/compilers_and_libraries/linux/daal/lib/daal.jar:1'
+++ export __LMOD_REF_COUNT_CLASSPATH
+++ CLASSPATH=/usrx/local/prod/intel/2018UP01/compilers_and_libraries/linux/mpi/lib64/mpi.jar:/usrx/local/prod/intel/2018UP01/compilers_and_libraries/linux/daal/lib/daal.jar
+++ export CLASSPATH
+++ CLCK_ROOT=/usrx/local/prod/intel/2018UP01/clck_latest
+++ export CLCK_ROOT
+++ COMP=ips
+++ export COMP
+++ __LMOD_REF_COUNT_CPATH='/usrx/local/prod/intel/2018UP01/compilers_and_libraries/linux/ipp/include:1;/usrx/local/prod/intel/2018UP01/compilers_and_libraries/linux/mkl/include:1;/usrx/local/prod/intel/2018UP01/compilers_and_libraries/linux/pstl/include:1;/usrx/local/prod/intel/2018UP01/compilers_and_libraries/linux/tbb/include:1;/usrx/local/prod/intel/2018UP01/compilers_and_libraries/linux/daal/include:1'
+++ export __LMOD_REF_COUNT_CPATH
+++ CPATH=/usrx/local/prod/intel/2018UP01/compilers_and_libraries/linux/ipp/include:/usrx/local/prod/intel/2018UP01/compilers_and_libraries/linux/mkl/include:/usrx/local/prod/intel/2018UP01/compilers_and_libraries/linux/pstl/include:/usrx/local/prod/intel/2018UP01/compilers_and_libraries/linux/tbb/include:/usrx/local/prod/intel/2018UP01/compilers_and_libraries/linux/daal/include
+++ export CPATH
+++ __LMOD_REF_COUNT_CPLUS_INCLUDE_PATH=/usrx/local/prod/intel/2018UP01/clck_latest/include:1
+++ export __LMOD_REF_COUNT_CPLUS_INCLUDE_PATH
+++ CPLUS_INCLUDE_PATH=/usrx/local/prod/intel/2018UP01/clck_latest/include
+++ export CPLUS_INCLUDE_PATH
+++ DAALROOT=/usrx/local/prod/intel/2018UP01/compilers_and_libraries/linux/daal
+++ export DAALROOT
+++ D_FFLAGS_CHKBNDS='-g -check bounds -traceback'
+++ export D_FFLAGS_CHKBNDS
+++ G2_INC4=/gpfs/dell1/nco/ops/nwprod/lib/g2/v3.1.0/ips/18.0.1/include/g2_v3.1.0_4
+++ export G2_INC4
+++ G2_INCd=/gpfs/dell1/nco/ops/nwprod/lib/g2/v3.1.0/ips/18.0.1/include/g2_v3.1.0_d
+++ export G2_INCd
+++ G2_LIB4=/gpfs/dell1/nco/ops/nwprod/lib/g2/v3.1.0/ips/18.0.1/libg2_v3.1.0_4.a
+++ export G2_LIB4
+++ G2_LIBd=/gpfs/dell1/nco/ops/nwprod/lib/g2/v3.1.0/ips/18.0.1/libg2_v3.1.0_d.a
+++ export G2_LIBd
+++ G2_SRC=/gpfs/dell1/nco/ops/nwprod/lib/g2/v3.1.0/src
+++ export G2_SRC
+++ G2_VER=v3.1.0
+++ export G2_VER
+++ GDBSERVER_MIC=/usrx/local/prod/intel/2018UP01/debugger_2018/gdb/targets/intel64/x200/bin/gdbserver
+++ export GDBSERVER_MIC
+++ GDB_CROSS=/usrx/local/prod/intel/2018UP01/debugger_2018/gdb/intel64/bin/gdb-ia
+++ export GDB_CROSS
+++ __LMOD_REF_COUNT_INFOPATH='/usrx/local/prod/intel/2018UP01/documentation_2018/en/debugger/gdb-ia/info:1;info_gdb_igfx:1'
+++ export __LMOD_REF_COUNT_INFOPATH
+++ INFOPATH=/usrx/local/prod/intel/2018UP01/documentation_2018/en/debugger/gdb-ia/info:info_gdb_igfx
+++ export INFOPATH
+++ INSPECTOR_2018_DIR=/usrx/local/prod/intel/2018UP01/inspector_2018
+++ export INSPECTOR_2018_DIR
+++ INTEL_LICENSE_FILE=/usrx/local/prod/intel/licenses
+++ export INTEL_LICENSE_FILE
+++ INTEL_PYTHONHOME=/usrx/local/prod/intel/2018UP01/debugger_2018/python/intel64
+++ export INTEL_PYTHONHOME
+++ IPPROOT=/usrx/local/prod/intel/2018UP01/compilers_and_libraries/linux/ipp
+++ export IPPROOT
+++ I_MPI_CC=icc
+++ export I_MPI_CC
+++ I_MPI_CXX=icpc
+++ export I_MPI_CXX
+++ I_MPI_EXTRA_FILESYSTEM=yes
+++ export I_MPI_EXTRA_FILESYSTEM
+++ I_MPI_EXTRA_FILESYSTEM_LIST=gpfs
+++ export I_MPI_EXTRA_FILESYSTEM_LIST
+++ I_MPI_F77=ifort
+++ export I_MPI_F77
+++ I_MPI_F90=ifort
+++ export I_MPI_F90
+++ I_MPI_FC=ifort
+++ export I_MPI_FC
+++ I_MPI_HYDRA_BOOTSTRAP=lsf
+++ export I_MPI_HYDRA_BOOTSTRAP
+++ I_MPI_HYDRA_IFACE=ib0
+++ export I_MPI_HYDRA_IFACE
+++ I_MPI_LSF_USE_COLLECTIVE_LAUNCH=1
+++ export I_MPI_LSF_USE_COLLECTIVE_LAUNCH
+++ I_MPI_ROOT=/usrx/local/prod/intel/2018UP01/compilers_and_libraries/linux/mpi
+++ export I_MPI_ROOT
+++ JASPER_INC=/usrx/local/prod/packages/gnu/4.8.5/jasper/1.900.1/include
+++ export JASPER_INC
+++ JASPER_LIB=/usrx/local/prod/packages/gnu/4.8.5/jasper/1.900.1/lib/libjasper.a
+++ export JASPER_LIB
+++ JASPER_LIBDIR=/usrx/local/prod/packages/gnu/4.8.5/jasper/1.900.1/lib
+++ export JASPER_LIBDIR
+++ JASPER_SRC=/usrx/local/prod/packages/gnu/4.8.5/jasper/1.900.1/src/jasper-1.900.1
+++ export JASPER_SRC
+++ JASPER_VER=1.900.1
+++ export JASPER_VER
+++ KMP_AFFINITY=scatter
+++ export KMP_AFFINITY
+++ __LMOD_REF_COUNT_LD_LIBRARY_PATH='/usrx/local/prod/packages/ips/18.0.1/zlib/1.2.11/lib:1;/usrx/local/prod/packages/gnu/4.8.5/libpng/1.2.44/lib:1;/usrx/local/prod/packages/gnu/4.8.5/jasper/1.900.1/lib:1;/usrx/local/prod/intel/2018UP01/itac_latest/slib:1;/usrx/local/prod/intel/2018UP01/compilers_and_libraries/linux/lib/intel64_lin:1;/usrx/local/prod/intel/2018UP01/compilers_and_libraries/linux/mpi/lib64:1;/usrx/local/prod/intel/2018UP01/compilers_and_libraries/linux/ipp/lib/intel64_lin:1;/usrx/local/prod/intel/2018UP01/compilers_and_libraries/linux/mkl/lib/intel64_lin:1;/usrx/local/prod/intel/2018UP01/compilers_and_libraries/linux/tbb/lib/intel64_lin/gcc4.7:1;/usrx/local/prod/intel/2018UP01/debugger_2018/iga/lib:1;/usrx/local/prod/intel/2018UP01/debugger_2018/libipt/intel64/lib:1;/usrx/local/prod/intel/2018UP01/compilers_and_libraries/linux/daal/lib/intel64_lin:1;/usrx/local/prod/intel/2018UP01/compilers_and_libraries/linux/tbb/lib/intel64_lin/gcc4.4:1'
+++ export __LMOD_REF_COUNT_LD_LIBRARY_PATH
+++ LD_LIBRARY_PATH=/usrx/local/prod/packages/ips/18.0.1/zlib/1.2.11/lib:/usrx/local/prod/packages/gnu/4.8.5/libpng/1.2.44/lib:/usrx/local/prod/packages/gnu/4.8.5/jasper/1.900.1/lib:/usrx/local/prod/intel/2018UP01/itac_latest/slib:/usrx/local/prod/intel/2018UP01/compilers_and_libraries/linux/lib/intel64_lin:/usrx/local/prod/intel/2018UP01/compilers_and_libraries/linux/mpi/lib64:/usrx/local/prod/intel/2018UP01/compilers_and_libraries/linux/ipp/lib/intel64_lin:/usrx/local/prod/intel/2018UP01/compilers_and_libraries/linux/mkl/lib/intel64_lin:/usrx/local/prod/intel/2018UP01/compilers_and_libraries/linux/tbb/lib/intel64_lin/gcc4.7:/usrx/local/prod/intel/2018UP01/debugger_2018/iga/lib:/usrx/local/prod/intel/2018UP01/debugger_2018/libipt/intel64/lib:/usrx/local/prod/intel/2018UP01/compilers_and_libraries/linux/daal/lib/intel64_lin:/usrx/local/prod/intel/2018UP01/compilers_and_libraries/linux/tbb/lib/intel64_lin/gcc4.4
+++ export LD_LIBRARY_PATH
+++ __LMOD_REF_COUNT_LIBRARY_PATH='/usrx/local/prod/intel/2018UP01/clck_latest/lib/intel64:1;/usrx/local/prod/intel/2018UP01/compilers_and_libraries/linux/ipp/lib/intel64_lin:1;/usrx/local/prod/intel/2018UP01/compilers_and_libraries/linux/lib/intel64_lin:1;/usrx/local/prod/intel/2018UP01/compilers_and_libraries/linux/mkl/lib/intel64_lin:1;/usrx/local/prod/intel/2018UP01/compilers_and_libraries/linux/tbb/lib/intel64_lin/gcc4.7:1;/usrx/local/prod/intel/2018UP01/compilers_and_libraries/linux/daal/lib/intel64_lin:1;/usrx/local/prod/intel/2018UP01/compilers_and_libraries/linux/tbb/lib/intel64_lin/gcc4.4:1'
+++ export __LMOD_REF_COUNT_LIBRARY_PATH
+++ LIBRARY_PATH=/usrx/local/prod/intel/2018UP01/clck_latest/lib/intel64:/usrx/local/prod/intel/2018UP01/compilers_and_libraries/linux/ipp/lib/intel64_lin:/usrx/local/prod/intel/2018UP01/compilers_and_libraries/linux/lib/intel64_lin:/usrx/local/prod/intel/2018UP01/compilers_and_libraries/linux/mkl/lib/intel64_lin:/usrx/local/prod/intel/2018UP01/compilers_and_libraries/linux/tbb/lib/intel64_lin/gcc4.7:/usrx/local/prod/intel/2018UP01/compilers_and_libraries/linux/daal/lib/intel64_lin:/usrx/local/prod/intel/2018UP01/compilers_and_libraries/linux/tbb/lib/intel64_lin/gcc4.4
+++ export LIBRARY_PATH
+++ LMOD_FAMILY_COMPILER=ips
+++ export LMOD_FAMILY_COMPILER
+++ LMOD_FAMILY_COMPILER_VERSION=18.0.1.163
+++ export LMOD_FAMILY_COMPILER_VERSION
+++ LMOD_FAMILY_MPI=impi
+++ export LMOD_FAMILY_MPI
+++ LMOD_FAMILY_MPI_VERSION=18.0.1
+++ export LMOD_FAMILY_MPI_VERSION
+++ __LMOD_REF_COUNT_LOADEDMODULES='ips/18.0.1.163:1;impi/18.0.1:1;bacio/2.0.2:1;w3nco/2.0.6:1;w3emc/2.3.0:1;g2/3.1.0:1;jasper/1.900.1:1;libpng/1.2.44:1;zlib/1.2.11:1;PCPANL/v4.0.0:1'
+++ export __LMOD_REF_COUNT_LOADEDMODULES
+++ LOADEDMODULES=ips/18.0.1.163:impi/18.0.1:bacio/2.0.2:w3nco/2.0.6:w3emc/2.3.0:g2/3.1.0:jasper/1.900.1:libpng/1.2.44:zlib/1.2.11:PCPANL/v4.0.0
+++ export LOADEDMODULES
+++ __LMOD_REF_COUNT_MANPATH='/usrx/local/prod/packages/ips/18.0.1/zlib/1.2.11/share/man:1;/usrx/local/prod/packages/gnu/4.8.5/libpng/1.2.44/share/man:1;/usrx/local/prod/packages/gnu/4.8.5/jasper/1.900.1/man:1;/usrx/local/prod/intel/2018UP01/itac_latest/man:1;/usrx/local/prod/intel/2018UP01/compilers_and_libraries/linux/man/common:1;/usrx/local/prod/intel/2018UP01/compilers_and_libraries/linux/mpi/man:1;/usrx/local/prod/intel/2018UP01/documentation_2018/en/debugger/gdb-ia/man:1;/usrx/local/prod/intel/2018UP01/documentation_2018/en/debugger/gdb-igfx/man:1;/usrx/local/prod/lmod/lmod/share/man:1;/usrx/local/prod/intel/2018UP01/inspector_2018/man:1;/usrx/local/prod/intel/2018UP01/advisor_2018/man:1'
+++ export __LMOD_REF_COUNT_MANPATH
+++ MANPATH=/usrx/local/prod/packages/ips/18.0.1/zlib/1.2.11/share/man:/usrx/local/prod/packages/gnu/4.8.5/libpng/1.2.44/share/man:/usrx/local/prod/packages/gnu/4.8.5/jasper/1.900.1/man:/usrx/local/prod/intel/2018UP01/itac_latest/man:/usrx/local/prod/intel/2018UP01/compilers_and_libraries/linux/man/common:/usrx/local/prod/intel/2018UP01/compilers_and_libraries/linux/mpi/man:/usrx/local/prod/intel/2018UP01/documentation_2018/en/debugger/gdb-ia/man:/usrx/local/prod/intel/2018UP01/documentation_2018/en/debugger/gdb-igfx/man:/usrx/local/prod/lmod/lmod/share/man::/usrx/local/prod/intel/2018UP01/inspector_2018/man:/usrx/local/prod/intel/2018UP01/advisor_2018/man
+++ export MANPATH
+++ MKLROOT=/usrx/local/prod/intel/2018UP01/compilers_and_libraries/linux/mkl
+++ export MKLROOT
+++ MODULEPATH=../modulefiles:/usrx/local/prod/lmod/lmod/modulefiles/Core:/usrx/local/prod/modulefiles/core_third:/usrx/local/prod/modulefiles/defs:/gpfs/dell1/nco/ops/nwprod/modulefiles/core_prod:/usrx/local/prod/modulefiles/compiler_third/ips/18.0.1:/gpfs/dell1/nco/ops/nwprod/modulefiles/compiler_prod/ips/18.0.1:/usrx/local/prod/modulefiles/compiler_mpi/ips/18.0.1:/usrx/local/prod/modulefiles/mpi_third/ips/18.0.1/impi/18.0.1:/gpfs/dell1/nco/ops/nwprod/modulefiles/mpi_prod/ips/18.0.1/impi/18.0.1
+++ export MODULEPATH
+++ MPM_LAUNCHER=/usrx/local/prod/intel/2018UP01/debugger_2018/mpm/mic/bin/start_mpm.sh
+++ export MPM_LAUNCHER
+++ __LMOD_REF_COUNT_NLSPATH='/usrx/local/prod/intel/2018UP01/compilers_and_libraries/linux/lib/intel64_lin/locale/%l_%t/%N:1;/usrx/local/prod/intel/2018UP01/compilers_and_libraries/linux/mkl/lib/intel64_lin/locale/%l_%t/%N:1;/usrx/local/prod/intel/2018UP01/debugger_2018/gdb/intel64/share/locale/%l_%t/%N:1'
+++ export __LMOD_REF_COUNT_NLSPATH
+++ NLSPATH=/usrx/local/prod/intel/2018UP01/compilers_and_libraries/linux/lib/intel64_lin/locale/%l_%t/%N:/usrx/local/prod/intel/2018UP01/compilers_and_libraries/linux/mkl/lib/intel64_lin/locale/%l_%t/%N::/usrx/local/prod/intel/2018UP01/debugger_2018/gdb/intel64/share/locale/%l_%t/%N
+++ export NLSPATH
+++ __LMOD_REF_COUNT_PATH='/usrx/local/prod/packages/gnu/4.8.5/libpng/1.2.44/bin:1;/usrx/local/prod/packages/gnu/4.8.5/jasper/1.900.1/bin:1;/usrx/local/prod/intel/2018UP01/advisor_2018/bin64:1;/usrx/local/prod/intel/2018UP01/vtune_amplifier_2018/bin64:1;/usrx/local/prod/intel/2018UP01/inspector_2018/bin64:1;/usrx/local/prod/intel/2018UP01/itac_latest/bin:1;/usrx/local/prod/intel/2018UP01/clck_latest/bin/intel64:1;/usrx/local/prod/intel/2018UP01/compilers_and_libraries/linux/bin/intel64:1;/usrx/local/prod/intel/2018UP01/compilers_and_libraries/linux/mpi/bin64:1;/usrx/local/prod/intel/2018UP01/debugger_2018/gdb/targets/intel64/x200/bin:1;/usrx/local/prod/intel/2018UP01/debugger_2018/gdb/intel64/bin:1;/usr/lib64/qt-3.3/bin:1;/usr/local/bin:1;/usr/bin:1;/usr/local/sbin:1;/usr/sbin:1;/usr/lpp/mmfs/bin:1;/opt/ibutils/bin:1;/opt/dell/srvadmin/bin:1;/gpfs/hps/nco/idsb/Jianbin.Yang/bin:1;/gpfs/hps/nco/idsb/Jianbin.Yang/WCOSS/bin:1;.:1;/u/Jianbin.Yang/.local/bin:1;/u/Jianbin.Yang/bin:1;/usrx/local/prod/packages/ips/18.0.1/zlib/1.2.11/include:1'
+++ export __LMOD_REF_COUNT_PATH
+++ PATH=/usrx/local/prod/packages/gnu/4.8.5/libpng/1.2.44/bin:/usrx/local/prod/packages/gnu/4.8.5/jasper/1.900.1/bin:/usrx/local/prod/intel/2018UP01/advisor_2018/bin64:/usrx/local/prod/intel/2018UP01/vtune_amplifier_2018/bin64:/usrx/local/prod/intel/2018UP01/inspector_2018/bin64:/usrx/local/prod/intel/2018UP01/itac_latest/bin:/usrx/local/prod/intel/2018UP01/clck_latest/bin/intel64:/usrx/local/prod/intel/2018UP01/compilers_and_libraries/linux/bin/intel64:/usrx/local/prod/intel/2018UP01/compilers_and_libraries/linux/mpi/bin64:/usrx/local/prod/intel/2018UP01/debugger_2018/gdb/targets/intel64/x200/bin:/usrx/local/prod/intel/2018UP01/debugger_2018/gdb/intel64/bin:/usr/lib64/qt-3.3/bin:/usr/local/bin:/usr/bin:/usr/local/sbin:/usr/sbin:/usr/lpp/mmfs/bin:/opt/ibutils/bin:/opt/dell/srvadmin/bin:/gpfs/hps/nco/idsb/Jianbin.Yang/bin:/gpfs/hps/nco/idsb/Jianbin.Yang/WCOSS/bin:.:/u/Jianbin.Yang/.local/bin:/u/Jianbin.Yang/bin:/usrx/local/prod/packages/ips/18.0.1/zlib/1.2.11/include
+++ export PATH
+++ PKG_CONFIG_PATH=/usrx/local/prod/intel/2018UP01/compilers_and_libraries/linux/mkl/bin/pkgconfig
+++ export PKG_CONFIG_PATH
+++ PNG_INC=/usrx/local/prod/packages/gnu/4.8.5/libpng/1.2.44/include
+++ export PNG_INC
+++ PNG_LIB=/usrx/local/prod/packages/gnu/4.8.5/libpng/1.2.44/lib/libpng.a
+++ export PNG_LIB
+++ PNG_LIB12=/usrx/local/prod/packages/gnu/4.8.5/libpng/1.2.44/lib/libpng12.a
+++ export PNG_LIB12
+++ PNG_LIBDIR=/usrx/local/prod/packages/gnu/4.8.5/libpng/1.2.44/lib
+++ export PNG_LIBDIR
+++ PNG_LIBso=/usrx/local/prod/packages/gnu/4.8.5/libpng/1.2.44/lib/libpng.so
+++ export PNG_LIBso
+++ PNG_SRC=/usrx/local/prod/packages/gnu/4.8.5/libpng/1.2.44/src/libpng-1.2.44
+++ export PNG_SRC
+++ PNG_VER=1.2.44
+++ export PNG_VER
+++ PSTLROOT=/usrx/local/prod/intel/2018UP01/compilers_and_libraries/linux/pstl
+++ export PSTLROOT
+++ PYTHONPATH=/usrx/local/prod/intel/2018UP01/advisor_2018/pythonapi
+++ export PYTHONPATH
+++ TBBROOT=/usrx/local/prod/intel/2018UP01/compilers_and_libraries/linux/tbb
+++ export TBBROOT
+++ VT_ADD_LIBS='-ldwarf -lelf -lvtunwind -lm -lpthread'
+++ export VT_ADD_LIBS
+++ VT_ARCH=intel64
+++ export VT_ARCH
+++ VT_LIB_DIR=/usrx/local/prod/intel/2018UP01/itac_latest/lib
+++ export VT_LIB_DIR
+++ VT_MPI=impi4
+++ export VT_MPI
+++ VT_ROOT=/usrx/local/prod/intel/2018UP01/itac_latest
+++ export VT_ROOT
+++ VT_SLIB_DIR=/usrx/local/prod/intel/2018UP01/itac_latest/slib
+++ export VT_SLIB_DIR
+++ W3EMC_INC4=/gpfs/dell1/nco/ops/nwprod/lib/w3emc/v2.3.0/ips/18.0.1/impi/18.0.1/include/w3emc_v2.3.0_4
+++ export W3EMC_INC4
+++ W3EMC_INC8=/gpfs/dell1/nco/ops/nwprod/lib/w3emc/v2.3.0/ips/18.0.1/impi/18.0.1/include/w3emc_v2.3.0_8
+++ export W3EMC_INC8
+++ W3EMC_INCd=/gpfs/dell1/nco/ops/nwprod/lib/w3emc/v2.3.0/ips/18.0.1/impi/18.0.1/include/w3emc_v2.3.0_d
+++ export W3EMC_INCd
+++ W3EMC_LIB4=/gpfs/dell1/nco/ops/nwprod/lib/w3emc/v2.3.0/ips/18.0.1/impi/18.0.1/libw3emc_v2.3.0_4.a
+++ export W3EMC_LIB4
+++ W3EMC_LIB8=/gpfs/dell1/nco/ops/nwprod/lib/w3emc/v2.3.0/ips/18.0.1/impi/18.0.1/libw3emc_v2.3.0_8.a
+++ export W3EMC_LIB8
+++ W3EMC_LIBd=/gpfs/dell1/nco/ops/nwprod/lib/w3emc/v2.3.0/ips/18.0.1/impi/18.0.1/libw3emc_v2.3.0_d.a
+++ export W3EMC_LIBd
+++ W3EMC_SRC=/gpfs/dell1/nco/ops/nwprod/lib/w3emc/v2.3.0/src/libsrc
+++ export W3EMC_SRC
+++ W3EMC_VER=v2.3.0
+++ export W3EMC_VER
+++ W3NCO_LIB4=/gpfs/dell1/nco/ops/nwprod/lib/w3nco/v2.0.6/ips/18.0.1/libw3nco_v2.0.6_4.a
+++ export W3NCO_LIB4
+++ W3NCO_LIB8=/gpfs/dell1/nco/ops/nwprod/lib/w3nco/v2.0.6/ips/18.0.1/libw3nco_v2.0.6_8.a
+++ export W3NCO_LIB8
+++ W3NCO_LIBd=/gpfs/dell1/nco/ops/nwprod/lib/w3nco/v2.0.6/ips/18.0.1/libw3nco_v2.0.6_d.a
+++ export W3NCO_LIBd
+++ W3NCO_SRC=/gpfs/dell1/nco/ops/nwprod/lib/w3nco/v2.0.6/src
+++ export W3NCO_SRC
+++ W3NCO_VER=v2.0.6
+++ export W3NCO_VER
+++ WGRIB2INC=/gpfs/dell2/emc/verification/noscrub/Ying.Lin/pcpanl/pcpanl.v4.0.0/lib/grib2/lib
+++ export WGRIB2INC
+++ WGRIB2LIB=/gpfs/dell2/emc/verification/noscrub/Ying.Lin/pcpanl/pcpanl.v4.0.0/lib/grib2/lib/libwgrib2.a
+++ export WGRIB2LIB
+++ Z_INC=/usrx/local/prod/packages/ips/18.0.1/zlib/1.2.11/include
+++ export Z_INC
+++ Z_LIB=/usrx/local/prod/packages/ips/18.0.1/zlib/1.2.11/lib/libz.a
+++ export Z_LIB
+++ Z_SRC=/usrx/local/prod/packages/ips/18.0.1/zlib/1.2.11/src
+++ export Z_SRC
+++ Z_VER=1.2.11
+++ export Z_VER
+++ __LMOD_REF_COUNT__LMFILES_='/usrx/local/prod/modulefiles/core_third/ips/18.0.1.163:1;/usrx/local/prod/modulefiles/compiler_mpi/ips/18.0.1/impi/18.0.1.lua:1;/gpfs/dell1/nco/ops/nwprod/modulefiles/compiler_prod/ips/18.0.1/bacio/2.0.2:1;/gpfs/dell1/nco/ops/nwprod/modulefiles/compiler_prod/ips/18.0.1/w3nco/2.0.6:1;/gpfs/dell1/nco/ops/nwprod/modulefiles/mpi_prod/ips/18.0.1/impi/18.0.1/w3emc/2.3.0:1;/gpfs/dell1/nco/ops/nwprod/modulefiles/compiler_prod/ips/18.0.1/g2/3.1.0:1;/usrx/local/prod/modulefiles/compiler_third/ips/18.0.1/jasper/1.900.1:1;/usrx/local/prod/modulefiles/compiler_third/ips/18.0.1/libpng/1.2.44:1;/usrx/local/prod/modulefiles/compiler_third/ips/18.0.1/zlib/1.2.11:1;../modulefiles/PCPANL/v4.0.0:1'
+++ export __LMOD_REF_COUNT__LMFILES_
+++ _LMFILES_=/usrx/local/prod/modulefiles/core_third/ips/18.0.1.163:/usrx/local/prod/modulefiles/compiler_mpi/ips/18.0.1/impi/18.0.1.lua:/gpfs/dell1/nco/ops/nwprod/modulefiles/compiler_prod/ips/18.0.1/bacio/2.0.2:/gpfs/dell1/nco/ops/nwprod/modulefiles/compiler_prod/ips/18.0.1/w3nco/2.0.6:/gpfs/dell1/nco/ops/nwprod/modulefiles/mpi_prod/ips/18.0.1/impi/18.0.1/w3emc/2.3.0:/gpfs/dell1/nco/ops/nwprod/modulefiles/compiler_prod/ips/18.0.1/g2/3.1.0:/usrx/local/prod/modulefiles/compiler_third/ips/18.0.1/jasper/1.900.1:/usrx/local/prod/modulefiles/compiler_third/ips/18.0.1/libpng/1.2.44:/usrx/local/prod/modulefiles/compiler_third/ips/18.0.1/zlib/1.2.11:../modulefiles/PCPANL/v4.0.0
+++ export _LMFILES_
+++ _ModuleTable001_=X01vZHVsZVRhYmxlXz17WyJNVHZlcnNpb24iXT0zLFsiY19yZWJ1aWxkVGltZSJdPWZhbHNlLFsiY19zaG9ydFRpbWUiXT1mYWxzZSxkZXB0aFQ9e30sZmFtaWx5PXtbImNvbXBpbGVyIl09ImlwcyIsWyJtcGkiXT0iaW1waSIsfSxtVD17UENQQU5MPXtbImZuIl09Ii4uL21vZHVsZWZpbGVzL1BDUEFOTC92NC4wLjAiLFsiZnVsbE5hbWUiXT0iUENQQU5ML3Y0LjAuMCIsWyJsb2FkT3JkZXIiXT0xMCxwcm9wVD17fSxbInN0YWNrRGVwdGgiXT0wLFsic3RhdHVzIl09ImFjdGl2ZSIsWyJ1c2VyTmFtZSJdPSJQQ1BBTkwiLH0sYmFjaW89e1siZm4iXT0iL2dwZnMvZGVsbDEvbmNvL29wcy9ud3Byb2QvbW9kdWxlZmlsZXMvY29tcGlsZXJfcHJvZC9pcHMvMTguMC4xL2JhY2lvLzIu
+++ export _ModuleTable001_
+++ _ModuleTable002_=MC4yIixbImZ1bGxOYW1lIl09ImJhY2lvLzIuMC4yIixbImxvYWRPcmRlciJdPTMscHJvcFQ9e30sWyJzdGFja0RlcHRoIl09MSxbInN0YXR1cyJdPSJhY3RpdmUiLFsidXNlck5hbWUiXT0iYmFjaW8vMi4wLjIiLH0sZzI9e1siZm4iXT0iL2dwZnMvZGVsbDEvbmNvL29wcy9ud3Byb2QvbW9kdWxlZmlsZXMvY29tcGlsZXJfcHJvZC9pcHMvMTguMC4xL2cyLzMuMS4wIixbImZ1bGxOYW1lIl09ImcyLzMuMS4wIixbImxvYWRPcmRlciJdPTYscHJvcFQ9e30sWyJzdGFja0RlcHRoIl09MSxbInN0YXR1cyJdPSJhY3RpdmUiLFsidXNlck5hbWUiXT0iZzIvMy4xLjAiLH0saW1waT17WyJmbiJdPSIvdXNyeC9sb2NhbC9wcm9kL21vZHVsZWZpbGVzL2NvbXBpbGVyX21waS9pcHMvMTgu
+++ export _ModuleTable002_
+++ _ModuleTable003_=MC4xL2ltcGkvMTguMC4xLmx1YSIsWyJmdWxsTmFtZSJdPSJpbXBpLzE4LjAuMSIsWyJsb2FkT3JkZXIiXT0yLHByb3BUPXt9LFsic3RhY2tEZXB0aCJdPTEsWyJzdGF0dXMiXT0iYWN0aXZlIixbInVzZXJOYW1lIl09ImltcGkvMTguMC4xIix9LGlwcz17WyJmbiJdPSIvdXNyeC9sb2NhbC9wcm9kL21vZHVsZWZpbGVzL2NvcmVfdGhpcmQvaXBzLzE4LjAuMS4xNjMiLFsiZnVsbE5hbWUiXT0iaXBzLzE4LjAuMS4xNjMiLFsibG9hZE9yZGVyIl09MSxwcm9wVD17fSxbInN0YWNrRGVwdGgiXT0xLFsic3RhdHVzIl09ImFjdGl2ZSIsWyJ1c2VyTmFtZSJdPSJpcHMvMTguMC4xLjE2MyIsfSxqYXNwZXI9e1siZm4iXT0iL3VzcngvbG9jYWwvcHJvZC9tb2R1bGVmaWxlcy9jb21waWxl
+++ export _ModuleTable003_
+++ _ModuleTable004_=cl90aGlyZC9pcHMvMTguMC4xL2phc3Blci8xLjkwMC4xIixbImZ1bGxOYW1lIl09Imphc3Blci8xLjkwMC4xIixbImxvYWRPcmRlciJdPTcscHJvcFQ9e30sWyJzdGFja0RlcHRoIl09MSxbInN0YXR1cyJdPSJhY3RpdmUiLFsidXNlck5hbWUiXT0iamFzcGVyLzEuOTAwLjEiLH0sbGlicG5nPXtbImZuIl09Ii91c3J4L2xvY2FsL3Byb2QvbW9kdWxlZmlsZXMvY29tcGlsZXJfdGhpcmQvaXBzLzE4LjAuMS9saWJwbmcvMS4yLjQ0IixbImZ1bGxOYW1lIl09ImxpYnBuZy8xLjIuNDQiLFsibG9hZE9yZGVyIl09OCxwcm9wVD17fSxbInN0YWNrRGVwdGgiXT0xLFsic3RhdHVzIl09ImFjdGl2ZSIsWyJ1c2VyTmFtZSJdPSJsaWJwbmcvMS4yLjQ0Iix9LHczZW1jPXtbImZuIl09Ii9n
+++ export _ModuleTable004_
+++ _ModuleTable005_=cGZzL2RlbGwxL25jby9vcHMvbndwcm9kL21vZHVsZWZpbGVzL21waV9wcm9kL2lwcy8xOC4wLjEvaW1waS8xOC4wLjEvdzNlbWMvMi4zLjAiLFsiZnVsbE5hbWUiXT0idzNlbWMvMi4zLjAiLFsibG9hZE9yZGVyIl09NSxwcm9wVD17fSxbInN0YWNrRGVwdGgiXT0xLFsic3RhdHVzIl09ImFjdGl2ZSIsWyJ1c2VyTmFtZSJdPSJ3M2VtYy8yLjMuMCIsfSx3M25jbz17WyJmbiJdPSIvZ3Bmcy9kZWxsMS9uY28vb3BzL253cHJvZC9tb2R1bGVmaWxlcy9jb21waWxlcl9wcm9kL2lwcy8xOC4wLjEvdzNuY28vMi4wLjYiLFsiZnVsbE5hbWUiXT0idzNuY28vMi4wLjYiLFsibG9hZE9yZGVyIl09NCxwcm9wVD17fSxbInN0YWNrRGVwdGgiXT0xLFsic3RhdHVzIl09ImFjdGl2ZSIsWyJ1
+++ export _ModuleTable005_
+++ _ModuleTable006_=c2VyTmFtZSJdPSJ3M25jby8yLjAuNiIsfSx6bGliPXtbImZuIl09Ii91c3J4L2xvY2FsL3Byb2QvbW9kdWxlZmlsZXMvY29tcGlsZXJfdGhpcmQvaXBzLzE4LjAuMS96bGliLzEuMi4xMSIsWyJmdWxsTmFtZSJdPSJ6bGliLzEuMi4xMSIsWyJsb2FkT3JkZXIiXT05LHByb3BUPXt9LFsic3RhY2tEZXB0aCJdPTEsWyJzdGF0dXMiXT0iYWN0aXZlIixbInVzZXJOYW1lIl09InpsaWIvMS4yLjExIix9LH0sbXBhdGhBPXsiLi4vbW9kdWxlZmlsZXMiLCIvdXNyeC9sb2NhbC9wcm9kL2xtb2QvbG1vZC9tb2R1bGVmaWxlcy9Db3JlIiwiL3VzcngvbG9jYWwvcHJvZC9tb2R1bGVmaWxlcy9jb3JlX3RoaXJkIiwiL3VzcngvbG9jYWwvcHJvZC9tb2R1bGVmaWxlcy9kZWZzIiwiL2dwZnMv
+++ export _ModuleTable006_
+++ _ModuleTable007_=ZGVsbDEvbmNvL29wcy9ud3Byb2QvbW9kdWxlZmlsZXMvY29yZV9wcm9kIiwiL3VzcngvbG9jYWwvcHJvZC9tb2R1bGVmaWxlcy9jb21waWxlcl90aGlyZC9pcHMvMTguMC4xIiwiL2dwZnMvZGVsbDEvbmNvL29wcy9ud3Byb2QvbW9kdWxlZmlsZXMvY29tcGlsZXJfcHJvZC9pcHMvMTguMC4xIiwiL3VzcngvbG9jYWwvcHJvZC9tb2R1bGVmaWxlcy9jb21waWxlcl9tcGkvaXBzLzE4LjAuMSIsIi91c3J4L2xvY2FsL3Byb2QvbW9kdWxlZmlsZXMvbXBpX3RoaXJkL2lwcy8xOC4wLjEvaW1waS8xOC4wLjEiLCIvZ3Bmcy9kZWxsMS9uY28vb3BzL253cHJvZC9tb2R1bGVmaWxlcy9tcGlfcHJvZC9pcHMvMTguMC4xL2ltcGkvMTguMC4xIix9LFsic3lzdGVtQmFzZU1QQVRIIl09Ii91
+++ export _ModuleTable007_
+++ _ModuleTable008_=c3J4L2xvY2FsL3Byb2QvbG1vZC9sbW9kL21vZHVsZWZpbGVzL0NvcmU6L3VzcngvbG9jYWwvcHJvZC9tb2R1bGVmaWxlcy9jb3JlX3RoaXJkOi91c3J4L2xvY2FsL3Byb2QvbW9kdWxlZmlsZXMvZGVmczovZ3Bmcy9kZWxsMS9uY28vb3BzL253cHJvZC9tb2R1bGVmaWxlcy9jb3JlX3Byb2QiLH0=
+++ export _ModuleTable008_
+++ _ModuleTable_Sz_=8
+++ export _ModuleTable_Sz_
++ module list
+++ /usrx/local/prod/lmod/lmod/libexec/lmod sh list

Currently Loaded Modules:
  1) ips/18.0.1.163   3) bacio/2.0.2   5) w3emc/2.3.0   7) jasper/1.900.1   9) zlib/1.2.11
  2) impi/18.0.1      4) w3nco/2.0.6   6) g2/3.1.0      8) libpng/1.2.44   10) PCPANL/v4.0.0

 

++ eval 'MODULEPATH="../modulefiles:/usrx/local/prod/lmod/lmod/modulefiles/Core:/usrx/local/prod/modulefiles/core_third:/usrx/local/prod/modulefiles/defs:/gpfs/dell1/nco/ops/nwprod/modulefiles/core_prod:/usrx/local/prod/modulefiles/compiler_third/ips/18.0.1:/gpfs/dell1/nco/ops/nwprod/modulefiles/compiler_prod/ips/18.0.1:/usrx/local/prod/modulefiles/compiler_mpi/ips/18.0.1:/usrx/local/prod/modulefiles/mpi_third/ips/18.0.1/impi/18.0.1:/gpfs/dell1/nco/ops/nwprod/modulefiles/mpi_prod/ips/18.0.1/impi/18.0.1";' export 'MODULEPATH;' '_ModuleTable001_="X01vZHVsZVRhYmxlXz17WyJNVHZlcnNpb24iXT0zLFsiY19yZWJ1aWxkVGltZSJdPWZhbHNlLFsiY19zaG9ydFRpbWUiXT1mYWxzZSxkZXB0aFQ9e30sZmFtaWx5PXtbImNvbXBpbGVyIl09ImlwcyIsWyJtcGkiXT0iaW1waSIsfSxtVD17UENQQU5MPXtbImZuIl09Ii4uL21vZHVsZWZpbGVzL1BDUEFOTC92NC4wLjAiLFsiZnVsbE5hbWUiXT0iUENQQU5ML3Y0LjAuMCIsWyJsb2FkT3JkZXIiXT0xMCxwcm9wVD17fSxbInN0YWNrRGVwdGgiXT0wLFsic3RhdHVzIl09ImFjdGl2ZSIsWyJ1c2VyTmFtZSJdPSJQQ1BBTkwiLH0sYmFjaW89e1siZm4iXT0iL2dwZnMvZGVsbDEvbmNvL29wcy9ud3Byb2QvbW9kdWxlZmlsZXMvY29tcGlsZXJfcHJvZC9pcHMvMTguMC4xL2JhY2lvLzIu";' export '_ModuleTable001_;' '_ModuleTable002_="MC4yIixbImZ1bGxOYW1lIl09ImJhY2lvLzIuMC4yIixbImxvYWRPcmRlciJdPTMscHJvcFQ9e30sWyJzdGFja0RlcHRoIl09MSxbInN0YXR1cyJdPSJhY3RpdmUiLFsidXNlck5hbWUiXT0iYmFjaW8vMi4wLjIiLH0sZzI9e1siZm4iXT0iL2dwZnMvZGVsbDEvbmNvL29wcy9ud3Byb2QvbW9kdWxlZmlsZXMvY29tcGlsZXJfcHJvZC9pcHMvMTguMC4xL2cyLzMuMS4wIixbImZ1bGxOYW1lIl09ImcyLzMuMS4wIixbImxvYWRPcmRlciJdPTYscHJvcFQ9e30sWyJzdGFja0RlcHRoIl09MSxbInN0YXR1cyJdPSJhY3RpdmUiLFsidXNlck5hbWUiXT0iZzIvMy4xLjAiLH0saW1waT17WyJmbiJdPSIvdXNyeC9sb2NhbC9wcm9kL21vZHVsZWZpbGVzL2NvbXBpbGVyX21waS9pcHMvMTgu";' export '_ModuleTable002_;' '_ModuleTable003_="MC4xL2ltcGkvMTguMC4xLmx1YSIsWyJmdWxsTmFtZSJdPSJpbXBpLzE4LjAuMSIsWyJsb2FkT3JkZXIiXT0yLHByb3BUPXt9LFsic3RhY2tEZXB0aCJdPTEsWyJzdGF0dXMiXT0iYWN0aXZlIixbInVzZXJOYW1lIl09ImltcGkvMTguMC4xIix9LGlwcz17WyJmbiJdPSIvdXNyeC9sb2NhbC9wcm9kL21vZHVsZWZpbGVzL2NvcmVfdGhpcmQvaXBzLzE4LjAuMS4xNjMiLFsiZnVsbE5hbWUiXT0iaXBzLzE4LjAuMS4xNjMiLFsibG9hZE9yZGVyIl09MSxwcm9wVD17fSxbInN0YWNrRGVwdGgiXT0xLFsic3RhdHVzIl09ImFjdGl2ZSIsWyJ1c2VyTmFtZSJdPSJpcHMvMTguMC4xLjE2MyIsfSxqYXNwZXI9e1siZm4iXT0iL3VzcngvbG9jYWwvcHJvZC9tb2R1bGVmaWxlcy9jb21waWxl";' export '_ModuleTable003_;' '_ModuleTable004_="cl90aGlyZC9pcHMvMTguMC4xL2phc3Blci8xLjkwMC4xIixbImZ1bGxOYW1lIl09Imphc3Blci8xLjkwMC4xIixbImxvYWRPcmRlciJdPTcscHJvcFQ9e30sWyJzdGFja0RlcHRoIl09MSxbInN0YXR1cyJdPSJhY3RpdmUiLFsidXNlck5hbWUiXT0iamFzcGVyLzEuOTAwLjEiLH0sbGlicG5nPXtbImZuIl09Ii91c3J4L2xvY2FsL3Byb2QvbW9kdWxlZmlsZXMvY29tcGlsZXJfdGhpcmQvaXBzLzE4LjAuMS9saWJwbmcvMS4yLjQ0IixbImZ1bGxOYW1lIl09ImxpYnBuZy8xLjIuNDQiLFsibG9hZE9yZGVyIl09OCxwcm9wVD17fSxbInN0YWNrRGVwdGgiXT0xLFsic3RhdHVzIl09ImFjdGl2ZSIsWyJ1c2VyTmFtZSJdPSJsaWJwbmcvMS4yLjQ0Iix9LHczZW1jPXtbImZuIl09Ii9n";' export '_ModuleTable004_;' '_ModuleTable005_="cGZzL2RlbGwxL25jby9vcHMvbndwcm9kL21vZHVsZWZpbGVzL21waV9wcm9kL2lwcy8xOC4wLjEvaW1waS8xOC4wLjEvdzNlbWMvMi4zLjAiLFsiZnVsbE5hbWUiXT0idzNlbWMvMi4zLjAiLFsibG9hZE9yZGVyIl09NSxwcm9wVD17fSxbInN0YWNrRGVwdGgiXT0xLFsic3RhdHVzIl09ImFjdGl2ZSIsWyJ1c2VyTmFtZSJdPSJ3M2VtYy8yLjMuMCIsfSx3M25jbz17WyJmbiJdPSIvZ3Bmcy9kZWxsMS9uY28vb3BzL253cHJvZC9tb2R1bGVmaWxlcy9jb21waWxlcl9wcm9kL2lwcy8xOC4wLjEvdzNuY28vMi4wLjYiLFsiZnVsbE5hbWUiXT0idzNuY28vMi4wLjYiLFsibG9hZE9yZGVyIl09NCxwcm9wVD17fSxbInN0YWNrRGVwdGgiXT0xLFsic3RhdHVzIl09ImFjdGl2ZSIsWyJ1";' export '_ModuleTable005_;' '_ModuleTable006_="c2VyTmFtZSJdPSJ3M25jby8yLjAuNiIsfSx6bGliPXtbImZuIl09Ii91c3J4L2xvY2FsL3Byb2QvbW9kdWxlZmlsZXMvY29tcGlsZXJfdGhpcmQvaXBzLzE4LjAuMS96bGliLzEuMi4xMSIsWyJmdWxsTmFtZSJdPSJ6bGliLzEuMi4xMSIsWyJsb2FkT3JkZXIiXT05LHByb3BUPXt9LFsic3RhY2tEZXB0aCJdPTEsWyJzdGF0dXMiXT0iYWN0aXZlIixbInVzZXJOYW1lIl09InpsaWIvMS4yLjExIix9LH0sbXBhdGhBPXsiLi4vbW9kdWxlZmlsZXMiLCIvdXNyeC9sb2NhbC9wcm9kL2xtb2QvbG1vZC9tb2R1bGVmaWxlcy9Db3JlIiwiL3VzcngvbG9jYWwvcHJvZC9tb2R1bGVmaWxlcy9jb3JlX3RoaXJkIiwiL3VzcngvbG9jYWwvcHJvZC9tb2R1bGVmaWxlcy9kZWZzIiwiL2dwZnMv";' export '_ModuleTable006_;' '_ModuleTable007_="ZGVsbDEvbmNvL29wcy9ud3Byb2QvbW9kdWxlZmlsZXMvY29yZV9wcm9kIiwiL3VzcngvbG9jYWwvcHJvZC9tb2R1bGVmaWxlcy9jb21waWxlcl90aGlyZC9pcHMvMTguMC4xIiwiL2dwZnMvZGVsbDEvbmNvL29wcy9ud3Byb2QvbW9kdWxlZmlsZXMvY29tcGlsZXJfcHJvZC9pcHMvMTguMC4xIiwiL3VzcngvbG9jYWwvcHJvZC9tb2R1bGVmaWxlcy9jb21waWxlcl9tcGkvaXBzLzE4LjAuMSIsIi91c3J4L2xvY2FsL3Byb2QvbW9kdWxlZmlsZXMvbXBpX3RoaXJkL2lwcy8xOC4wLjEvaW1waS8xOC4wLjEiLCIvZ3Bmcy9kZWxsMS9uY28vb3BzL253cHJvZC9tb2R1bGVmaWxlcy9tcGlfcHJvZC9pcHMvMTguMC4xL2ltcGkvMTguMC4xIix9LFsic3lzdGVtQmFzZU1QQVRIIl09Ii91";' export '_ModuleTable007_;' '_ModuleTable008_="c3J4L2xvY2FsL3Byb2QvbG1vZC9sbW9kL21vZHVsZWZpbGVzL0NvcmU6L3VzcngvbG9jYWwvcHJvZC9tb2R1bGVmaWxlcy9jb3JlX3RoaXJkOi91c3J4L2xvY2FsL3Byb2QvbW9kdWxlZmlsZXMvZGVmczovZ3Bmcy9kZWxsMS9uY28vb3BzL253cHJvZC9tb2R1bGVmaWxlcy9jb3JlX3Byb2QiLH0=";' export '_ModuleTable008_;' '_ModuleTable_Sz_="8";' export '_ModuleTable_Sz_;'
+++ MODULEPATH=../modulefiles:/usrx/local/prod/lmod/lmod/modulefiles/Core:/usrx/local/prod/modulefiles/core_third:/usrx/local/prod/modulefiles/defs:/gpfs/dell1/nco/ops/nwprod/modulefiles/core_prod:/usrx/local/prod/modulefiles/compiler_third/ips/18.0.1:/gpfs/dell1/nco/ops/nwprod/modulefiles/compiler_prod/ips/18.0.1:/usrx/local/prod/modulefiles/compiler_mpi/ips/18.0.1:/usrx/local/prod/modulefiles/mpi_third/ips/18.0.1/impi/18.0.1:/gpfs/dell1/nco/ops/nwprod/modulefiles/mpi_prod/ips/18.0.1/impi/18.0.1
+++ export MODULEPATH
+++ _ModuleTable001_=X01vZHVsZVRhYmxlXz17WyJNVHZlcnNpb24iXT0zLFsiY19yZWJ1aWxkVGltZSJdPWZhbHNlLFsiY19zaG9ydFRpbWUiXT1mYWxzZSxkZXB0aFQ9e30sZmFtaWx5PXtbImNvbXBpbGVyIl09ImlwcyIsWyJtcGkiXT0iaW1waSIsfSxtVD17UENQQU5MPXtbImZuIl09Ii4uL21vZHVsZWZpbGVzL1BDUEFOTC92NC4wLjAiLFsiZnVsbE5hbWUiXT0iUENQQU5ML3Y0LjAuMCIsWyJsb2FkT3JkZXIiXT0xMCxwcm9wVD17fSxbInN0YWNrRGVwdGgiXT0wLFsic3RhdHVzIl09ImFjdGl2ZSIsWyJ1c2VyTmFtZSJdPSJQQ1BBTkwiLH0sYmFjaW89e1siZm4iXT0iL2dwZnMvZGVsbDEvbmNvL29wcy9ud3Byb2QvbW9kdWxlZmlsZXMvY29tcGlsZXJfcHJvZC9pcHMvMTguMC4xL2JhY2lvLzIu
+++ export _ModuleTable001_
+++ _ModuleTable002_=MC4yIixbImZ1bGxOYW1lIl09ImJhY2lvLzIuMC4yIixbImxvYWRPcmRlciJdPTMscHJvcFQ9e30sWyJzdGFja0RlcHRoIl09MSxbInN0YXR1cyJdPSJhY3RpdmUiLFsidXNlck5hbWUiXT0iYmFjaW8vMi4wLjIiLH0sZzI9e1siZm4iXT0iL2dwZnMvZGVsbDEvbmNvL29wcy9ud3Byb2QvbW9kdWxlZmlsZXMvY29tcGlsZXJfcHJvZC9pcHMvMTguMC4xL2cyLzMuMS4wIixbImZ1bGxOYW1lIl09ImcyLzMuMS4wIixbImxvYWRPcmRlciJdPTYscHJvcFQ9e30sWyJzdGFja0RlcHRoIl09MSxbInN0YXR1cyJdPSJhY3RpdmUiLFsidXNlck5hbWUiXT0iZzIvMy4xLjAiLH0saW1waT17WyJmbiJdPSIvdXNyeC9sb2NhbC9wcm9kL21vZHVsZWZpbGVzL2NvbXBpbGVyX21waS9pcHMvMTgu
+++ export _ModuleTable002_
+++ _ModuleTable003_=MC4xL2ltcGkvMTguMC4xLmx1YSIsWyJmdWxsTmFtZSJdPSJpbXBpLzE4LjAuMSIsWyJsb2FkT3JkZXIiXT0yLHByb3BUPXt9LFsic3RhY2tEZXB0aCJdPTEsWyJzdGF0dXMiXT0iYWN0aXZlIixbInVzZXJOYW1lIl09ImltcGkvMTguMC4xIix9LGlwcz17WyJmbiJdPSIvdXNyeC9sb2NhbC9wcm9kL21vZHVsZWZpbGVzL2NvcmVfdGhpcmQvaXBzLzE4LjAuMS4xNjMiLFsiZnVsbE5hbWUiXT0iaXBzLzE4LjAuMS4xNjMiLFsibG9hZE9yZGVyIl09MSxwcm9wVD17fSxbInN0YWNrRGVwdGgiXT0xLFsic3RhdHVzIl09ImFjdGl2ZSIsWyJ1c2VyTmFtZSJdPSJpcHMvMTguMC4xLjE2MyIsfSxqYXNwZXI9e1siZm4iXT0iL3VzcngvbG9jYWwvcHJvZC9tb2R1bGVmaWxlcy9jb21waWxl
+++ export _ModuleTable003_
+++ _ModuleTable004_=cl90aGlyZC9pcHMvMTguMC4xL2phc3Blci8xLjkwMC4xIixbImZ1bGxOYW1lIl09Imphc3Blci8xLjkwMC4xIixbImxvYWRPcmRlciJdPTcscHJvcFQ9e30sWyJzdGFja0RlcHRoIl09MSxbInN0YXR1cyJdPSJhY3RpdmUiLFsidXNlck5hbWUiXT0iamFzcGVyLzEuOTAwLjEiLH0sbGlicG5nPXtbImZuIl09Ii91c3J4L2xvY2FsL3Byb2QvbW9kdWxlZmlsZXMvY29tcGlsZXJfdGhpcmQvaXBzLzE4LjAuMS9saWJwbmcvMS4yLjQ0IixbImZ1bGxOYW1lIl09ImxpYnBuZy8xLjIuNDQiLFsibG9hZE9yZGVyIl09OCxwcm9wVD17fSxbInN0YWNrRGVwdGgiXT0xLFsic3RhdHVzIl09ImFjdGl2ZSIsWyJ1c2VyTmFtZSJdPSJsaWJwbmcvMS4yLjQ0Iix9LHczZW1jPXtbImZuIl09Ii9n
+++ export _ModuleTable004_
+++ _ModuleTable005_=cGZzL2RlbGwxL25jby9vcHMvbndwcm9kL21vZHVsZWZpbGVzL21waV9wcm9kL2lwcy8xOC4wLjEvaW1waS8xOC4wLjEvdzNlbWMvMi4zLjAiLFsiZnVsbE5hbWUiXT0idzNlbWMvMi4zLjAiLFsibG9hZE9yZGVyIl09NSxwcm9wVD17fSxbInN0YWNrRGVwdGgiXT0xLFsic3RhdHVzIl09ImFjdGl2ZSIsWyJ1c2VyTmFtZSJdPSJ3M2VtYy8yLjMuMCIsfSx3M25jbz17WyJmbiJdPSIvZ3Bmcy9kZWxsMS9uY28vb3BzL253cHJvZC9tb2R1bGVmaWxlcy9jb21waWxlcl9wcm9kL2lwcy8xOC4wLjEvdzNuY28vMi4wLjYiLFsiZnVsbE5hbWUiXT0idzNuY28vMi4wLjYiLFsibG9hZE9yZGVyIl09NCxwcm9wVD17fSxbInN0YWNrRGVwdGgiXT0xLFsic3RhdHVzIl09ImFjdGl2ZSIsWyJ1
+++ export _ModuleTable005_
+++ _ModuleTable006_=c2VyTmFtZSJdPSJ3M25jby8yLjAuNiIsfSx6bGliPXtbImZuIl09Ii91c3J4L2xvY2FsL3Byb2QvbW9kdWxlZmlsZXMvY29tcGlsZXJfdGhpcmQvaXBzLzE4LjAuMS96bGliLzEuMi4xMSIsWyJmdWxsTmFtZSJdPSJ6bGliLzEuMi4xMSIsWyJsb2FkT3JkZXIiXT05LHByb3BUPXt9LFsic3RhY2tEZXB0aCJdPTEsWyJzdGF0dXMiXT0iYWN0aXZlIixbInVzZXJOYW1lIl09InpsaWIvMS4yLjExIix9LH0sbXBhdGhBPXsiLi4vbW9kdWxlZmlsZXMiLCIvdXNyeC9sb2NhbC9wcm9kL2xtb2QvbG1vZC9tb2R1bGVmaWxlcy9Db3JlIiwiL3VzcngvbG9jYWwvcHJvZC9tb2R1bGVmaWxlcy9jb3JlX3RoaXJkIiwiL3VzcngvbG9jYWwvcHJvZC9tb2R1bGVmaWxlcy9kZWZzIiwiL2dwZnMv
+++ export _ModuleTable006_
+++ _ModuleTable007_=ZGVsbDEvbmNvL29wcy9ud3Byb2QvbW9kdWxlZmlsZXMvY29yZV9wcm9kIiwiL3VzcngvbG9jYWwvcHJvZC9tb2R1bGVmaWxlcy9jb21waWxlcl90aGlyZC9pcHMvMTguMC4xIiwiL2dwZnMvZGVsbDEvbmNvL29wcy9ud3Byb2QvbW9kdWxlZmlsZXMvY29tcGlsZXJfcHJvZC9pcHMvMTguMC4xIiwiL3VzcngvbG9jYWwvcHJvZC9tb2R1bGVmaWxlcy9jb21waWxlcl9tcGkvaXBzLzE4LjAuMSIsIi91c3J4L2xvY2FsL3Byb2QvbW9kdWxlZmlsZXMvbXBpX3RoaXJkL2lwcy8xOC4wLjEvaW1waS8xOC4wLjEiLCIvZ3Bmcy9kZWxsMS9uY28vb3BzL253cHJvZC9tb2R1bGVmaWxlcy9tcGlfcHJvZC9pcHMvMTguMC4xL2ltcGkvMTguMC4xIix9LFsic3lzdGVtQmFzZU1QQVRIIl09Ii91
+++ export _ModuleTable007_
+++ _ModuleTable008_=c3J4L2xvY2FsL3Byb2QvbG1vZC9sbW9kL21vZHVsZWZpbGVzL0NvcmU6L3VzcngvbG9jYWwvcHJvZC9tb2R1bGVmaWxlcy9jb3JlX3RoaXJkOi91c3J4L2xvY2FsL3Byb2QvbW9kdWxlZmlsZXMvZGVmczovZ3Bmcy9kZWxsMS9uY28vb3BzL253cHJvZC9tb2R1bGVmaWxlcy9jb3JlX3Byb2QiLH0=
+++ export _ModuleTable008_
+++ _ModuleTable_Sz_=8
+++ export _ModuleTable_Sz_
++ cd /gpfs/dell1/nco/ops/nwpara/rtma-2020/upstream/pcpanl.v4.0.0/sorc/st4_qpe6h_to_1h.fd
++ make clean
rm -f *.o *.lst st4_qpe6h_to_1h
++ make
ifort   st4_qpe6h_to_1h.f90 -c 
ifort  -o st4_qpe6h_to_1h st4_qpe6h_to_1h.o /gpfs/dell1/nco/ops/nwprod/lib/w3nco/v2.0.6/ips/18.0.1/libw3nco_v2.0.6_4.a /gpfs/dell1/nco/ops/nwprod/lib/w3emc/v2.3.0/ips/18.0.1/impi/18.0.1/libw3emc_v2.3.0_4.a /gpfs/dell1/nco/ops/nwprod/lib/bacio/v2.0.2/ips/18.0.1/libbacio_v2.0.2_4.a
++ make mvexec
mv st4_qpe6h_to_1h ../../exec/.
++ make clean
rm -f *.o *.lst st4_qpe6h_to_1h
